128: [1] 0 128
128: [1] 64 192
64:  [2] 0 64
64:  [3] 128 192

128: [1] 32 160
128: [1] 96 224
64:  [2] 32 96
64:  [3] 160 224

128: [1] 16 144
128: [1] 80 208
64:  [2] 16 80
64:  [3] 144 208

128: [1] 48 176
128: [1] 112 240
64:  [2] 48 112
64:  [3] 176 240

------------------------------
128: [1] 1 129
128: [1] 65 193
64:  [2] 1 65
64:  [3] 129 193

128: [1] 33 161
128: [1] 97 225



128: [1] 2 130
128: [1] 66 194
64:  [2] 2 66
64:  [3] 130 194

128: [1] 3 131
128: [1] 67 195
64:  [2] 3 67
64:  [3] 131 195

128: [1] 4 132
128: [1] 68 196
64:  [2] 4 68
64:  [3] 132 196

128: [1] 5 133
128: [1] 69 197
64:  [2] 5 69
64:  [3] 133 197

128: [1] 6 134
128: [1] 70 198
64:  [2] 6 70
64:  [3] 134 198


128: [1] 72 200

128: [1] 7 135
128: [1] 8 136
128: [1] 9 137
128: [1] 10 138
128: [1] 11 139
128: [1] 12 140
128: [1] 13 141
128: [1] 14 142
128: [1] 15 143
128: [1] 17 145
128: [1] 18 146
128: [1] 19 147
128: [1] 20 148
128: [1] 21 149
128: [1] 22 150
128: [1] 23 151
128: [1] 24 152
128: [1] 25 153
128: [1] 26 154
128: [1] 27 155
128: [1] 28 156
128: [1] 29 157
128: [1] 30 158
128: [1] 31 159


128: [1] 34 162
128: [1] 35 163
128: [1] 36 164
128: [1] 37 165
128: [1] 38 166
128: [1] 39 167
128: [1] 40 168
128: [1] 41 169
128: [1] 42 170
128: [1] 43 171
128: [1] 44 172
128: [1] 45 173
128: [1] 46 174
128: [1] 47 175

128: [1] 49 177
128: [1] 50 178
128: [1] 51 179
128: [1] 52 180
128: [1] 53 181
128: [1] 54 182
128: [1] 55 183
128: [1] 56 184
128: [1] 57 185
128: [1] 58 186
128: [1] 59 187
128: [1] 60 188
128: [1] 61 189
128: [1] 62 190
128: [1] 63 191



128: [1] 71 199

128: [1] 73 201
128: [1] 74 202
128: [1] 75 203
128: [1] 76 204
128: [1] 77 205
128: [1] 78 206
128: [1] 79 207
128: [1] 81 209
128: [1] 82 210
128: [1] 83 211
128: [1] 84 212
128: [1] 85 213
128: [1] 86 214
128: [1] 87 215
128: [1] 88 216
128: [1] 89 217
128: [1] 90 218
128: [1] 91 219
128: [1] 92 220
128: [1] 93 221
128: [1] 94 222
128: [1] 95 223


128: [1] 98 226
128: [1] 99 227
128: [1] 100 228
128: [1] 101 229
128: [1] 102 230
128: [1] 103 231
128: [1] 104 232
128: [1] 105 233
128: [1] 106 234
128: [1] 107 235
128: [1] 108 236
128: [1] 109 237
128: [1] 110 238
128: [1] 111 239

128: [1] 113 241
128: [1] 114 242
128: [1] 115 243
128: [1] 116 244
128: [1] 117 245
128: [1] 118 246
128: [1] 119 247
128: [1] 120 248
128: [1] 121 249
128: [1] 122 250
128: [1] 123 251
128: [1] 124 252
128: [1] 125 253
128: [1] 126 254
128: [1] 127 255

64: [2] 7 71
64: [2] 8 72
64: [2] 9 73
64: [2] 10 74
64: [2] 11 75
64: [2] 12 76
64: [2] 13 77
64: [2] 14 78
64: [2] 15 79


64: [2] 17 81
64: [2] 18 82
64: [2] 19 83
64: [2] 20 84
64: [2] 21 85
64: [2] 22 86
64: [2] 23 87
64: [2] 24 88
64: [2] 25 89
64: [2] 26 90
64: [2] 27 91
64: [2] 28 92
64: [2] 29 93
64: [2] 30 94
64: [2] 31 95

64: [2] 33 97
64: [2] 34 98
64: [2] 35 99
64: [2] 36 100
64: [2] 37 101
64: [2] 38 102
64: [2] 39 103
64: [2] 40 104
64: [2] 41 105
64: [2] 42 106
64: [2] 43 107
64: [2] 44 108
64: [2] 45 109
64: [2] 46 110
64: [2] 47 111

64: [2] 49 113
64: [2] 50 114
64: [2] 51 115
64: [2] 52 116
64: [2] 53 117
64: [2] 54 118
64: [2] 55 119
64: [2] 56 120
64: [2] 57 121
64: [2] 58 122
64: [2] 59 123
64: [2] 60 124
64: [2] 61 125
64: [2] 62 126
64: [2] 63 127


64: [3] 135 199
64: [3] 136 200
64: [3] 137 201
64: [3] 138 202
64: [3] 139 203
64: [3] 140 204
64: [3] 141 205
64: [3] 142 206
64: [3] 143 207
64: [3] 145 209
64: [3] 146 210
64: [3] 147 211
64: [3] 148 212
64: [3] 149 213
64: [3] 150 214
64: [3] 151 215
64: [3] 152 216
64: [3] 153 217
64: [3] 154 218
64: [3] 155 219
64: [3] 156 220
64: [3] 157 221
64: [3] 158 222
64: [3] 159 223

64: [3] 161 225
64: [3] 162 226
64: [3] 163 227
64: [3] 164 228
64: [3] 165 229
64: [3] 166 230
64: [3] 167 231
64: [3] 168 232
64: [3] 169 233
64: [3] 170 234
64: [3] 171 235
64: [3] 172 236
64: [3] 173 237
64: [3] 174 238
64: [3] 175 239


64: [3] 177 241
64: [3] 178 242
64: [3] 179 243
64: [3] 180 244
64: [3] 181 245
64: [3] 182 246
64: [3] 183 247
64: [3] 184 248
64: [3] 185 249
64: [3] 186 250
64: [3] 187 251
64: [3] 188 252
64: [3] 189 253
64: [3] 190 254
64: [3] 191 255


32: [4] 0 32
32: [4] 16 48
16: [8] 0 16
16: [9] 32 48

32: [4] 8 40




32: [4] 1 33
32: [4] 17 49
16: [8] 1 17
16: [9] 33 49

32: [4] 2 34
32: [4] 18 50
16: [8] 2 18
16: [9] 34 50

32: [4] 3 35
32: [4] 19 51
16: [8] 3 19
16: [9] 35 51







32: [4] 4 36
32: [4] 5 37
32: [4] 6 38
32: [4] 7 39
32: [4] 9 41
32: [4] 10 42
32: [4] 11 43
32: [4] 12 44
32: [4] 13 45
32: [4] 14 46
32: [4] 15 47

32: [4] 20 52
32: [4] 21 53
32: [4] 22 54
32: [4] 23 55
32: [4] 24 56
32: [4] 25 57
32: [4] 26 58
32: [4] 27 59
32: [4] 28 60
32: [4] 29 61
32: [4] 30 62
32: [4] 31 63

32: [5] 64 96
32: [5] 65 97
32: [5] 66 98
32: [5] 67 99
32: [5] 68 100
32: [5] 69 101
32: [5] 70 102
32: [5] 71 103
32: [5] 72 104
32: [5] 73 105
32: [5] 74 106
32: [5] 75 107
32: [5] 76 108
32: [5] 77 109
32: [5] 78 110
32: [5] 79 111
32: [5] 80 112
32: [5] 81 113
32: [5] 82 114
32: [5] 83 115
32: [5] 84 116
32: [5] 85 117
32: [5] 86 118
32: [5] 87 119
32: [5] 88 120
32: [5] 89 121
32: [5] 90 122
32: [5] 91 123
32: [5] 92 124
32: [5] 93 125
32: [5] 94 126
32: [5] 95 127
32: [6] 128 160
32: [6] 129 161
32: [6] 130 162
32: [6] 131 163
32: [6] 132 164
32: [6] 133 165
32: [6] 134 166
32: [6] 135 167
32: [6] 136 168
32: [6] 137 169
32: [6] 138 170
32: [6] 139 171
32: [6] 140 172
32: [6] 141 173
32: [6] 142 174
32: [6] 143 175
32: [6] 144 176
32: [6] 145 177
32: [6] 146 178
32: [6] 147 179
32: [6] 148 180
32: [6] 149 181
32: [6] 150 182
32: [6] 151 183
32: [6] 152 184
32: [6] 153 185
32: [6] 154 186
32: [6] 155 187
32: [6] 156 188
32: [6] 157 189
32: [6] 158 190
32: [6] 159 191
32: [7] 192 224
32: [7] 193 225
32: [7] 194 226
32: [7] 195 227
32: [7] 196 228
32: [7] 197 229
32: [7] 198 230
32: [7] 199 231
32: [7] 200 232
32: [7] 201 233
32: [7] 202 234
32: [7] 203 235
32: [7] 204 236
32: [7] 205 237
32: [7] 206 238
32: [7] 207 239
32: [7] 208 240
32: [7] 209 241
32: [7] 210 242
32: [7] 211 243
32: [7] 212 244
32: [7] 213 245
32: [7] 214 246
32: [7] 215 247
32: [7] 216 248
32: [7] 217 249
32: [7] 218 250
32: [7] 219 251
32: [7] 220 252
32: [7] 221 253
32: [7] 222 254
32: [7] 223 255




16: [8] 4 20
16: [8] 5 21
16: [8] 6 22
16: [8] 7 23
16: [8] 8 24
16: [8] 9 25
16: [8] 10 26
16: [8] 11 27
16: [8] 12 28
16: [8] 13 29
16: [8] 14 30
16: [8] 15 31


16: [9] 36 52
16: [9] 37 53
16: [9] 38 54
16: [9] 39 55
16: [9] 40 56
16: [9] 41 57
16: [9] 42 58
16: [9] 43 59
16: [9] 44 60
16: [9] 45 61
16: [9] 46 62
16: [9] 47 63
16: [10] 64 80
16: [10] 65 81
16: [10] 66 82
16: [10] 67 83
16: [10] 68 84
16: [10] 69 85
16: [10] 70 86
16: [10] 71 87
16: [10] 72 88
16: [10] 73 89
16: [10] 74 90
16: [10] 75 91
16: [10] 76 92
16: [10] 77 93
16: [10] 78 94
16: [10] 79 95
16: [11] 96 112
16: [11] 97 113
16: [11] 98 114
16: [11] 99 115
16: [11] 100 116
16: [11] 101 117
16: [11] 102 118
16: [11] 103 119
16: [11] 104 120
16: [11] 105 121
16: [11] 106 122
16: [11] 107 123
16: [11] 108 124
16: [11] 109 125
16: [11] 110 126
16: [11] 111 127
16: [12] 128 144
16: [12] 129 145
16: [12] 130 146
16: [12] 131 147
16: [12] 132 148
16: [12] 133 149
16: [12] 134 150
16: [12] 135 151
16: [12] 136 152
16: [12] 137 153
16: [12] 138 154
16: [12] 139 155
16: [12] 140 156
16: [12] 141 157
16: [12] 142 158
16: [12] 143 159
16: [13] 160 176
16: [13] 161 177
16: [13] 162 178
16: [13] 163 179
16: [13] 164 180
16: [13] 165 181
16: [13] 166 182
16: [13] 167 183
16: [13] 168 184
16: [13] 169 185
16: [13] 170 186
16: [13] 171 187
16: [13] 172 188
16: [13] 173 189
16: [13] 174 190
16: [13] 175 191
16: [14] 192 208
16: [14] 193 209
16: [14] 194 210
16: [14] 195 211
16: [14] 196 212
16: [14] 197 213
16: [14] 198 214
16: [14] 199 215
16: [14] 200 216
16: [14] 201 217
16: [14] 202 218
16: [14] 203 219
16: [14] 204 220
16: [14] 205 221
16: [14] 206 222
16: [14] 207 223
16: [15] 224 240
16: [15] 225 241
16: [15] 226 242
16: [15] 227 243
16: [15] 228 244
16: [15] 229 245
16: [15] 230 246
16: [15] 231 247
16: [15] 232 248
16: [15] 233 249
16: [15] 234 250
16: [15] 235 251
16: [15] 236 252
16: [15] 237 253
16: [15] 238 254
16: [15] 239 255

8: [16] 0 8
8: [16] 4 12
4: [32] 0 4
4: [33] 8 12



8: [16] 1 9
8: [16] 2 10
8: [16] 3 11
8: [16] 5 13
8: [16] 6 14
8: [16] 7 15
8: [17] 16 24
8: [17] 17 25
8: [17] 18 26
8: [17] 19 27
8: [17] 20 28
8: [17] 21 29
8: [17] 22 30
8: [17] 23 31
8: [18] 32 40
8: [18] 33 41
8: [18] 34 42
8: [18] 35 43
8: [18] 36 44
8: [18] 37 45
8: [18] 38 46
8: [18] 39 47
8: [19] 48 56
8: [19] 49 57
8: [19] 50 58
8: [19] 51 59
8: [19] 52 60
8: [19] 53 61
8: [19] 54 62
8: [19] 55 63
8: [20] 64 72
8: [20] 65 73
8: [20] 66 74
8: [20] 67 75
8: [20] 68 76
8: [20] 69 77
8: [20] 70 78
8: [20] 71 79
8: [21] 80 88
8: [21] 81 89
8: [21] 82 90
8: [21] 83 91
8: [21] 84 92
8: [21] 85 93
8: [21] 86 94
8: [21] 87 95
8: [22] 96 104
8: [22] 97 105
8: [22] 98 106
8: [22] 99 107
8: [22] 100 108
8: [22] 101 109
8: [22] 102 110
8: [22] 103 111
8: [23] 112 120
8: [23] 113 121
8: [23] 114 122
8: [23] 115 123
8: [23] 116 124
8: [23] 117 125
8: [23] 118 126
8: [23] 119 127
8: [24] 128 136
8: [24] 129 137
8: [24] 130 138
8: [24] 131 139
8: [24] 132 140
8: [24] 133 141
8: [24] 134 142
8: [24] 135 143
8: [25] 144 152
8: [25] 145 153
8: [25] 146 154
8: [25] 147 155
8: [25] 148 156
8: [25] 149 157
8: [25] 150 158
8: [25] 151 159
8: [26] 160 168
8: [26] 161 169
8: [26] 162 170
8: [26] 163 171
8: [26] 164 172
8: [26] 165 173
8: [26] 166 174
8: [26] 167 175
8: [27] 176 184
8: [27] 177 185
8: [27] 178 186
8: [27] 179 187
8: [27] 180 188
8: [27] 181 189
8: [27] 182 190
8: [27] 183 191
8: [28] 192 200
8: [28] 193 201
8: [28] 194 202
8: [28] 195 203
8: [28] 196 204
8: [28] 197 205
8: [28] 198 206
8: [28] 199 207
8: [29] 208 216
8: [29] 209 217
8: [29] 210 218
8: [29] 211 219
8: [29] 212 220
8: [29] 213 221
8: [29] 214 222
8: [29] 215 223
8: [30] 224 232
8: [30] 225 233
8: [30] 226 234
8: [30] 227 235
8: [30] 228 236
8: [30] 229 237
8: [30] 230 238
8: [30] 231 239
8: [31] 240 248
8: [31] 241 249
8: [31] 242 250
8: [31] 243 251
8: [31] 244 252
8: [31] 245 253
8: [31] 246 254
8: [31] 247 255

4: [32] 1 5
4: [32] 2 6
4: [32] 3 7
4: [33] 9 13
4: [33] 10 14
4: [33] 11 15
4: [34] 16 20
4: [34] 17 21
4: [34] 18 22
4: [34] 19 23
4: [35] 24 28
4: [35] 25 29
4: [35] 26 30
4: [35] 27 31
4: [36] 32 36
4: [36] 33 37
4: [36] 34 38
4: [36] 35 39
4: [37] 40 44
4: [37] 41 45
4: [37] 42 46
4: [37] 43 47
4: [38] 48 52
4: [38] 49 53
4: [38] 50 54
4: [38] 51 55
4: [39] 56 60
4: [39] 57 61
4: [39] 58 62
4: [39] 59 63
4: [40] 64 68
4: [40] 65 69
4: [40] 66 70
4: [40] 67 71
4: [41] 72 76
4: [41] 73 77
4: [41] 74 78
4: [41] 75 79
4: [42] 80 84
4: [42] 81 85
4: [42] 82 86
4: [42] 83 87
4: [43] 88 92
4: [43] 89 93
4: [43] 90 94
4: [43] 91 95
4: [44] 96 100
4: [44] 97 101
4: [44] 98 102
4: [44] 99 103
4: [45] 104 108
4: [45] 105 109
4: [45] 106 110
4: [45] 107 111
4: [46] 112 116
4: [46] 113 117
4: [46] 114 118
4: [46] 115 119
4: [47] 120 124
4: [47] 121 125
4: [47] 122 126
4: [47] 123 127
4: [48] 128 132
4: [48] 129 133
4: [48] 130 134
4: [48] 131 135
4: [49] 136 140
4: [49] 137 141
4: [49] 138 142
4: [49] 139 143
4: [50] 144 148
4: [50] 145 149
4: [50] 146 150
4: [50] 147 151
4: [51] 152 156
4: [51] 153 157
4: [51] 154 158
4: [51] 155 159
4: [52] 160 164
4: [52] 161 165
4: [52] 162 166
4: [52] 163 167
4: [53] 168 172
4: [53] 169 173
4: [53] 170 174
4: [53] 171 175
4: [54] 176 180
4: [54] 177 181
4: [54] 178 182
4: [54] 179 183
4: [55] 184 188
4: [55] 185 189
4: [55] 186 190
4: [55] 187 191
4: [56] 192 196
4: [56] 193 197
4: [56] 194 198
4: [56] 195 199
4: [57] 200 204
4: [57] 201 205
4: [57] 202 206
4: [57] 203 207
4: [58] 208 212
4: [58] 209 213
4: [58] 210 214
4: [58] 211 215
4: [59] 216 220
4: [59] 217 221
4: [59] 218 222
4: [59] 219 223
4: [60] 224 228
4: [60] 225 229
4: [60] 226 230
4: [60] 227 231
4: [61] 232 236
4: [61] 233 237
4: [61] 234 238
4: [61] 235 239
4: [62] 240 244
4: [62] 241 245
4: [62] 242 246
4: [62] 243 247
4: [63] 248 252
4: [63] 249 253
4: [63] 250 254
4: [63] 251 255