============
[0, 1, 2, 3] 0
[4, 5, 6, 7] 1
[8, 9, 10, 11] 2
[12, 13, 14, 15] 3
[16, 17, 18, 19] 4
[20, 21, 22, 23] 5
[24, 25, 26, 27] 6
[28, 29, 30, 31] 7
[32, 33, 34, 35] 8
[36, 37, 38, 39] 9
[40, 41, 42, 43] 10
[44, 45, 46, 47] 11
[48, 49, 50, 51] 12
[52, 53, 54, 55] 13
[56, 57, 58, 59] 14
[60, 61, 62, 63] 15
[64, 65, 66, 67] 16
[68, 69, 70, 71] 17
[72, 73, 74, 75] 18
[76, 77, 78, 79] 19
[80, 81, 82, 83] 20
[84, 85, 86, 87] 21
[88, 89, 90, 91] 22
[92, 93, 94, 95] 23
[96, 97, 98, 99] 24
[100, 101, 102, 103] 25
[104, 105, 106, 107] 26
[108, 109, 110, 111] 27
[112, 113, 114, 115] 28
[116, 117, 118, 119] 29
[120, 121, 122, 123] 30
[124, 125, 126, 127] 31
[128, 129, 130, 131] 32
[132, 133, 134, 135] 33
[136, 137, 138, 139] 34
[140, 141, 142, 143] 35
[144, 145, 146, 147] 36
[148, 149, 150, 151] 37
[152, 153, 154, 155] 38
[156, 157, 158, 159] 39
[160, 161, 162, 163] 40
[164, 165, 166, 167] 41
[168, 169, 170, 171] 42
[172, 173, 174, 175] 43
[176, 177, 178, 179] 44
[180, 181, 182, 183] 45
[184, 185, 186, 187] 46
[188, 189, 190, 191] 47
[192, 193, 194, 195] 48
[196, 197, 198, 199] 49
[200, 201, 202, 203] 50
[204, 205, 206, 207] 51
[208, 209, 210, 211] 52
[212, 213, 214, 215] 53
[216, 217, 218, 219] 54
[220, 221, 222, 223] 55
[224, 225, 226, 227] 56
[228, 229, 230, 231] 57
[232, 233, 234, 235] 58
[236, 237, 238, 239] 59
[240, 241, 242, 243] 60
[244, 245, 246, 247] 61
[248, 249, 250, 251] 62
[252, 253, 254, 255] 63

Level 0,1
index: [0, 16, 32, 48, 1, 17, 33, 49, 2, 18, 34, 50, 3, 19, 35, 51, 4, 20, 36, 52, 5, 21, 37, 53, 6, 22, 38, 54, 7, 23, 39, 55, 8, 24, 40, 56, 9, 25, 41, 57, 10, 26, 42, 58, 11, 27, 43, 59, 12, 28, 44, 60, 13, 29, 45, 61, 14, 30, 46, 62, 15, 31, 47, 63]
------
[0, 1, 2, 3]
[128, 129, 130, 131]
[64, 65, 66, 67]
[192, 193, 194, 195]
++++++
[0, 64, 128, 192]
[1, 65, 129, 193]
[2, 66, 130, 194]
[3, 67, 131, 195]
------
[4, 5, 6, 7]
[132, 133, 134, 135]
[68, 69, 70, 71]
[196, 197, 198, 199]
++++++
[4, 68, 132, 196]
[5, 69, 133, 197]
[6, 70, 134, 198]
[7, 71, 135, 199]
------
[8, 9, 10, 11]
[136, 137, 138, 139]
[72, 73, 74, 75]
[200, 201, 202, 203]
++++++
[8, 72, 136, 200]
[9, 73, 137, 201]
[10, 74, 138, 202]
[11, 75, 139, 203]
------
[12, 13, 14, 15]
[140, 141, 142, 143]
[76, 77, 78, 79]
[204, 205, 206, 207]
++++++
[12, 76, 140, 204]
[13, 77, 141, 205]
[14, 78, 142, 206]
[15, 79, 143, 207]
------
[16, 17, 18, 19]
[144, 145, 146, 147]
[80, 81, 82, 83]
[208, 209, 210, 211]
++++++
[16, 80, 144, 208]
[17, 81, 145, 209]
[18, 82, 146, 210]
[19, 83, 147, 211]
------
[20, 21, 22, 23]
[148, 149, 150, 151]
[84, 85, 86, 87]
[212, 213, 214, 215]
++++++
[20, 84, 148, 212]
[21, 85, 149, 213]
[22, 86, 150, 214]
[23, 87, 151, 215]
------
[24, 25, 26, 27]
[152, 153, 154, 155]
[88, 89, 90, 91]
[216, 217, 218, 219]
++++++
[24, 88, 152, 216]
[25, 89, 153, 217]
[26, 90, 154, 218]
[27, 91, 155, 219]
------
[28, 29, 30, 31]
[156, 157, 158, 159]
[92, 93, 94, 95]
[220, 221, 222, 223]
++++++
[28, 92, 156, 220]
[29, 93, 157, 221]
[30, 94, 158, 222]
[31, 95, 159, 223]
------
[32, 33, 34, 35]
[160, 161, 162, 163]
[96, 97, 98, 99]
[224, 225, 226, 227]
++++++
[32, 96, 160, 224]
[33, 97, 161, 225]
[34, 98, 162, 226]
[35, 99, 163, 227]
------
[36, 37, 38, 39]
[164, 165, 166, 167]
[100, 101, 102, 103]
[228, 229, 230, 231]
++++++
[36, 100, 164, 228]
[37, 101, 165, 229]
[38, 102, 166, 230]
[39, 103, 167, 231]
------
[40, 41, 42, 43]
[168, 169, 170, 171]
[104, 105, 106, 107]
[232, 233, 234, 235]
++++++
[40, 104, 168, 232]
[41, 105, 169, 233]
[42, 106, 170, 234]
[43, 107, 171, 235]
------
[44, 45, 46, 47]
[172, 173, 174, 175]
[108, 109, 110, 111]
[236, 237, 238, 239]
++++++
[44, 108, 172, 236]
[45, 109, 173, 237]
[46, 110, 174, 238]
[47, 111, 175, 239]
------
[48, 49, 50, 51]
[176, 177, 178, 179]
[112, 113, 114, 115]
[240, 241, 242, 243]
++++++
[48, 112, 176, 240]
[49, 113, 177, 241]
[50, 114, 178, 242]
[51, 115, 179, 243]
------
[52, 53, 54, 55]
[180, 181, 182, 183]
[116, 117, 118, 119]
[244, 245, 246, 247]
++++++
[52, 116, 180, 244]
[53, 117, 181, 245]
[54, 118, 182, 246]
[55, 119, 183, 247]
------
[56, 57, 58, 59]
[184, 185, 186, 187]
[120, 121, 122, 123]
[248, 249, 250, 251]
++++++
[56, 120, 184, 248]
[57, 121, 185, 249]
[58, 122, 186, 250]
[59, 123, 187, 251]
------
[60, 61, 62, 63]
[188, 189, 190, 191]
[124, 125, 126, 127]
[252, 253, 254, 255]
++++++
[60, 124, 188, 252]
[61, 125, 189, 253]
[62, 126, 190, 254]
[63, 127, 191, 255]
============
[0, 64, 128, 192] 0
[4, 68, 132, 196] 1
[8, 72, 136, 200] 2
[12, 76, 140, 204] 3
[16, 80, 144, 208] 4
[20, 84, 148, 212] 5
[24, 88, 152, 216] 6
[28, 92, 156, 220] 7
[32, 96, 160, 224] 8
[36, 100, 164, 228] 9
[40, 104, 168, 232] 10
[44, 108, 172, 236] 11
[48, 112, 176, 240] 12
[52, 116, 180, 244] 13
[56, 120, 184, 248] 14
[60, 124, 188, 252] 15
[1, 65, 129, 193] 16
[5, 69, 133, 197] 17
[9, 73, 137, 201] 18
[13, 77, 141, 205] 19
[17, 81, 145, 209] 20
[21, 85, 149, 213] 21
[25, 89, 153, 217] 22
[29, 93, 157, 221] 23
[33, 97, 161, 225] 24
[37, 101, 165, 229] 25
[41, 105, 169, 233] 26
[45, 109, 173, 237] 27
[49, 113, 177, 241] 28
[53, 117, 181, 245] 29
[57, 121, 185, 249] 30
[61, 125, 189, 253] 31
[2, 66, 130, 194] 32
[6, 70, 134, 198] 33
[10, 74, 138, 202] 34
[14, 78, 142, 206] 35
[18, 82, 146, 210] 36
[22, 86, 150, 214] 37
[26, 90, 154, 218] 38
[30, 94, 158, 222] 39
[34, 98, 162, 226] 40
[38, 102, 166, 230] 41
[42, 106, 170, 234] 42
[46, 110, 174, 238] 43
[50, 114, 178, 242] 44
[54, 118, 182, 246] 45
[58, 122, 186, 250] 46
[62, 126, 190, 254] 47
[3, 67, 131, 195] 48
[7, 71, 135, 199] 49
[11, 75, 139, 203] 50
[15, 79, 143, 207] 51
[19, 83, 147, 211] 52
[23, 87, 151, 215] 53
[27, 91, 155, 219] 54
[31, 95, 159, 223] 55
[35, 99, 163, 227] 56
[39, 103, 167, 231] 57
[43, 107, 171, 235] 58
[47, 111, 175, 239] 59
[51, 115, 179, 243] 60
[55, 119, 183, 247] 61
[59, 123, 187, 251] 62
[63, 127, 191, 255] 63

Level 2,3
index: [0, 4, 8, 12, 16, 20, 24, 28, 32, 36, 40, 44, 48, 52, 56, 60, 
1, 5, 9, 13, 17, 21, 25, 29, 33, 37, 41, 45, 49, 53, 57, 61, 
2, 6, 10, 14, 18, 22, 26, 30, 34, 38, 42, 46, 50, 54, 58, 62, 
3, 7, 11, 15, 19, 23, 27, 31, 35, 39, 43, 47, 51, 55, 59, 63]
------
[0, 64, 128, 192]
[32, 96, 160, 224]
[16, 80, 144, 208]
[48, 112, 176, 240]
++++++
[0, 16, 32, 48]
[64, 80, 96, 112]
[128, 144, 160, 176]
[192, 208, 224, 240]
------
[1, 65, 129, 193]
[33, 97, 161, 225]
[17, 81, 145, 209]
[49, 113, 177, 241]
++++++
[1, 17, 33, 49]
[65, 81, 97, 113]
[129, 145, 161, 177]
[193, 209, 225, 241]
------
[2, 66, 130, 194]
[34, 98, 162, 226]
[18, 82, 146, 210]
[50, 114, 178, 242]
++++++
[2, 18, 34, 50]
[66, 82, 98, 114]
[130, 146, 162, 178]
[194, 210, 226, 242]
------
[3, 67, 131, 195]
[35, 99, 163, 227]
[19, 83, 147, 211]
[51, 115, 179, 243]
++++++
[3, 19, 35, 51]
[67, 83, 99, 115]
[131, 147, 163, 179]
[195, 211, 227, 243]
------
[4, 68, 132, 196]
[36, 100, 164, 228]
[20, 84, 148, 212]
[52, 116, 180, 244]
++++++
[4, 20, 36, 52]
[68, 84, 100, 116]
[132, 148, 164, 180]
[196, 212, 228, 244]
------
[5, 69, 133, 197]
[37, 101, 165, 229]
[21, 85, 149, 213]
[53, 117, 181, 245]
++++++
[5, 21, 37, 53]
[69, 85, 101, 117]
[133, 149, 165, 181]
[197, 213, 229, 245]
------
[6, 70, 134, 198]
[38, 102, 166, 230]
[22, 86, 150, 214]
[54, 118, 182, 246]
++++++
[6, 22, 38, 54]
[70, 86, 102, 118]
[134, 150, 166, 182]
[198, 214, 230, 246]
------
[7, 71, 135, 199]
[39, 103, 167, 231]
[23, 87, 151, 215]
[55, 119, 183, 247]
++++++
[7, 23, 39, 55]
[71, 87, 103, 119]
[135, 151, 167, 183]
[199, 215, 231, 247]
------
[8, 72, 136, 200]
[40, 104, 168, 232]
[24, 88, 152, 216]
[56, 120, 184, 248]
++++++
[8, 24, 40, 56]
[72, 88, 104, 120]
[136, 152, 168, 184]
[200, 216, 232, 248]
------
[9, 73, 137, 201]
[41, 105, 169, 233]
[25, 89, 153, 217]
[57, 121, 185, 249]
++++++
[9, 25, 41, 57]
[73, 89, 105, 121]
[137, 153, 169, 185]
[201, 217, 233, 249]
------
[10, 74, 138, 202]
[42, 106, 170, 234]
[26, 90, 154, 218]
[58, 122, 186, 250]
++++++
[10, 26, 42, 58]
[74, 90, 106, 122]
[138, 154, 170, 186]
[202, 218, 234, 250]
------
[11, 75, 139, 203]
[43, 107, 171, 235]
[27, 91, 155, 219]
[59, 123, 187, 251]
++++++
[11, 27, 43, 59]
[75, 91, 107, 123]
[139, 155, 171, 187]
[203, 219, 235, 251]
------
[12, 76, 140, 204]
[44, 108, 172, 236]
[28, 92, 156, 220]
[60, 124, 188, 252]
++++++
[12, 28, 44, 60]
[76, 92, 108, 124]
[140, 156, 172, 188]
[204, 220, 236, 252]
------
[13, 77, 141, 205]
[45, 109, 173, 237]
[29, 93, 157, 221]
[61, 125, 189, 253]
++++++
[13, 29, 45, 61]
[77, 93, 109, 125]
[141, 157, 173, 189]
[205, 221, 237, 253]
------
[14, 78, 142, 206]
[46, 110, 174, 238]
[30, 94, 158, 222]
[62, 126, 190, 254]
++++++
[14, 30, 46, 62]
[78, 94, 110, 126]
[142, 158, 174, 190]
[206, 222, 238, 254]
------
[15, 79, 143, 207]
[47, 111, 175, 239]
[31, 95, 159, 223]
[63, 127, 191, 255]
++++++
[15, 31, 47, 63]
[79, 95, 111, 127]
[143, 159, 175, 191]
[207, 223, 239, 255]
============
[0, 16, 32, 48] 0
[4, 20, 36, 52] 1
[8, 24, 40, 56] 2
[12, 28, 44, 60] 3
[64, 80, 96, 112] 4
[68, 84, 100, 116] 5
[72, 88, 104, 120] 6
[76, 92, 108, 124] 7
[128, 144, 160, 176] 8
[132, 148, 164, 180] 9
[136, 152, 168, 184] 10
[140, 156, 172, 188] 11
[192, 208, 224, 240] 12
[196, 212, 228, 244] 13
[200, 216, 232, 248] 14
[204, 220, 236, 252] 15
[1, 17, 33, 49] 16
[5, 21, 37, 53] 17
[9, 25, 41, 57] 18
[13, 29, 45, 61] 19
[65, 81, 97, 113] 20
[69, 85, 101, 117] 21
[73, 89, 105, 121] 22
[77, 93, 109, 125] 23
[129, 145, 161, 177] 24
[133, 149, 165, 181] 25
[137, 153, 169, 185] 26
[141, 157, 173, 189] 27
[193, 209, 225, 241] 28
[197, 213, 229, 245] 29
[201, 217, 233, 249] 30
[205, 221, 237, 253] 31
[2, 18, 34, 50] 32
[6, 22, 38, 54] 33
[10, 26, 42, 58] 34
[14, 30, 46, 62] 35
[66, 82, 98, 114] 36
[70, 86, 102, 118] 37
[74, 90, 106, 122] 38
[78, 94, 110, 126] 39
[130, 146, 162, 178] 40
[134, 150, 166, 182] 41
[138, 154, 170, 186] 42
[142, 158, 174, 190] 43
[194, 210, 226, 242] 44
[198, 214, 230, 246] 45
[202, 218, 234, 250] 46
[206, 222, 238, 254] 47
[3, 19, 35, 51] 48
[7, 23, 39, 55] 49
[11, 27, 43, 59] 50
[15, 31, 47, 63] 51
[67, 83, 99, 115] 52
[71, 87, 103, 119] 53
[75, 91, 107, 123] 54
[79, 95, 111, 127] 55
[131, 147, 163, 179] 56
[135, 151, 167, 183] 57
[139, 155, 171, 187] 58
[143, 159, 175, 191] 59
[195, 211, 227, 243] 60
[199, 215, 231, 247] 61
[203, 219, 235, 251] 62
[207, 223, 239, 255] 63

Level 4,5
index: [0, 1, 2, 3, 4, 5, 6, 7, 8, 9, 10, 11, 12, 13, 14, 15, 16, 17, 18, 19, 20, 21, 22, 23, 24, 25, 26, 27, 28, 29, 30, 31, 32, 33, 34, 35, 36, 37, 38, 39, 40, 41, 42, 43, 44, 45, 46, 47, 48, 49, 50, 51, 52, 53, 54, 55, 56, 57, 58, 59, 60, 61, 62, 63]
------
[0, 16, 32, 48]
[8, 24, 40, 56]
[4, 20, 36, 52]
[12, 28, 44, 60]
++++++
[0, 4, 8, 12]
[16, 20, 24, 28]
[32, 36, 40, 44]
[48, 52, 56, 60]
------
[64, 80, 96, 112]
[72, 88, 104, 120]
[68, 84, 100, 116]
[76, 92, 108, 124]
++++++
[64, 68, 72, 76]
[80, 84, 88, 92]
[96, 100, 104, 108]
[112, 116, 120, 124]
------
[128, 144, 160, 176]
[136, 152, 168, 184]
[132, 148, 164, 180]
[140, 156, 172, 188]
++++++
[128, 132, 136, 140]
[144, 148, 152, 156]
[160, 164, 168, 172]
[176, 180, 184, 188]
------
[192, 208, 224, 240]
[200, 216, 232, 248]
[196, 212, 228, 244]
[204, 220, 236, 252]
++++++
[192, 196, 200, 204]
[208, 212, 216, 220]
[224, 228, 232, 236]
[240, 244, 248, 252]
------
[1, 17, 33, 49]
[9, 25, 41, 57]
[5, 21, 37, 53]
[13, 29, 45, 61]
++++++
[1, 5, 9, 13]
[17, 21, 25, 29]
[33, 37, 41, 45]
[49, 53, 57, 61]
------
[65, 81, 97, 113]
[73, 89, 105, 121]
[69, 85, 101, 117]
[77, 93, 109, 125]
++++++
[65, 69, 73, 77]
[81, 85, 89, 93]
[97, 101, 105, 109]
[113, 117, 121, 125]
------
[129, 145, 161, 177]
[137, 153, 169, 185]
[133, 149, 165, 181]
[141, 157, 173, 189]
++++++
[129, 133, 137, 141]
[145, 149, 153, 157]
[161, 165, 169, 173]
[177, 181, 185, 189]
------
[193, 209, 225, 241]
[201, 217, 233, 249]
[197, 213, 229, 245]
[205, 221, 237, 253]
++++++
[193, 197, 201, 205]
[209, 213, 217, 221]
[225, 229, 233, 237]
[241, 245, 249, 253]
------
[2, 18, 34, 50]
[10, 26, 42, 58]
[6, 22, 38, 54]
[14, 30, 46, 62]
++++++
[2, 6, 10, 14]
[18, 22, 26, 30]
[34, 38, 42, 46]
[50, 54, 58, 62]
------
[66, 82, 98, 114]
[74, 90, 106, 122]
[70, 86, 102, 118]
[78, 94, 110, 126]
++++++
[66, 70, 74, 78]
[82, 86, 90, 94]
[98, 102, 106, 110]
[114, 118, 122, 126]
------
[130, 146, 162, 178]
[138, 154, 170, 186]
[134, 150, 166, 182]
[142, 158, 174, 190]
++++++
[130, 134, 138, 142]
[146, 150, 154, 158]
[162, 166, 170, 174]
[178, 182, 186, 190]
------
[194, 210, 226, 242]
[202, 218, 234, 250]
[198, 214, 230, 246]
[206, 222, 238, 254]
++++++
[194, 198, 202, 206]
[210, 214, 218, 222]
[226, 230, 234, 238]
[242, 246, 250, 254]
------
[3, 19, 35, 51]
[11, 27, 43, 59]
[7, 23, 39, 55]
[15, 31, 47, 63]
++++++
[3, 7, 11, 15]
[19, 23, 27, 31]
[35, 39, 43, 47]
[51, 55, 59, 63]
------
[67, 83, 99, 115]
[75, 91, 107, 123]
[71, 87, 103, 119]
[79, 95, 111, 127]
++++++
[67, 71, 75, 79]
[83, 87, 91, 95]
[99, 103, 107, 111]
[115, 119, 123, 127]
------
[131, 147, 163, 179]
[139, 155, 171, 187]
[135, 151, 167, 183]
[143, 159, 175, 191]
++++++
[131, 135, 139, 143]
[147, 151, 155, 159]
[163, 167, 171, 175]
[179, 183, 187, 191]
------
[195, 211, 227, 243]
[203, 219, 235, 251]
[199, 215, 231, 247]
[207, 223, 239, 255]
++++++
[195, 199, 203, 207]
[211, 215, 219, 223]
[227, 231, 235, 239]
[243, 247, 251, 255]
============
[0, 4, 8, 12] 0
[16, 20, 24, 28] 1
[32, 36, 40, 44] 2
[48, 52, 56, 60] 3
[64, 68, 72, 76] 4
[80, 84, 88, 92] 5
[96, 100, 104, 108] 6
[112, 116, 120, 124] 7
[128, 132, 136, 140] 8
[144, 148, 152, 156] 9
[160, 164, 168, 172] 10
[176, 180, 184, 188] 11
[192, 196, 200, 204] 12
[208, 212, 216, 220] 13
[224, 228, 232, 236] 14
[240, 244, 248, 252] 15
[1, 5, 9, 13] 16
[17, 21, 25, 29] 17
[33, 37, 41, 45] 18
[49, 53, 57, 61] 19
[65, 69, 73, 77] 20
[81, 85, 89, 93] 21
[97, 101, 105, 109] 22
[113, 117, 121, 125] 23
[129, 133, 137, 141] 24
[145, 149, 153, 157] 25
[161, 165, 169, 173] 26
[177, 181, 185, 189] 27
[193, 197, 201, 205] 28
[209, 213, 217, 221] 29
[225, 229, 233, 237] 30
[241, 245, 249, 253] 31
[2, 6, 10, 14] 32
[18, 22, 26, 30] 33
[34, 38, 42, 46] 34
[50, 54, 58, 62] 35
[66, 70, 74, 78] 36
[82, 86, 90, 94] 37
[98, 102, 106, 110] 38
[114, 118, 122, 126] 39
[130, 134, 138, 142] 40
[146, 150, 154, 158] 41
[162, 166, 170, 174] 42
[178, 182, 186, 190] 43
[194, 198, 202, 206] 44
[210, 214, 218, 222] 45
[226, 230, 234, 238] 46
[242, 246, 250, 254] 47
[3, 7, 11, 15] 48
[19, 23, 27, 31] 49
[35, 39, 43, 47] 50
[51, 55, 59, 63] 51
[67, 71, 75, 79] 52
[83, 87, 91, 95] 53
[99, 103, 107, 111] 54
[115, 119, 123, 127] 55
[131, 135, 139, 143] 56
[147, 151, 155, 159] 57
[163, 167, 171, 175] 58
[179, 183, 187, 191] 59
[195, 199, 203, 207] 60
[211, 215, 219, 223] 61
[227, 231, 235, 239] 62
[243, 247, 251, 255] 63

Level 6,7
index: [0, 16, 32, 48, 1, 17, 33, 49, 2, 18, 34, 50, 3, 19, 35, 51, 4, 20, 36, 52, 5, 21, 37, 53, 6, 22, 38, 54, 7, 23, 39, 55, 8, 24, 40, 56, 9, 25, 41, 57, 10, 26, 42, 58, 11, 27, 43, 59, 12, 28, 44, 60, 13, 29, 45, 61, 14, 30, 46, 62, 15, 31, 47, 63]
------
[0, 4, 8, 12]
[2, 6, 10, 14]
[1, 5, 9, 13]
[3, 7, 11, 15]
++++++
[0, 1, 2, 3]
[4, 5, 6, 7]
[8, 9, 10, 11]
[12, 13, 14, 15]
------
[16, 20, 24, 28]
[18, 22, 26, 30]
[17, 21, 25, 29]
[19, 23, 27, 31]
++++++
[16, 17, 18, 19]
[20, 21, 22, 23]
[24, 25, 26, 27]
[28, 29, 30, 31]
------
[32, 36, 40, 44]
[34, 38, 42, 46]
[33, 37, 41, 45]
[35, 39, 43, 47]
++++++
[32, 33, 34, 35]
[36, 37, 38, 39]
[40, 41, 42, 43]
[44, 45, 46, 47]
------
[48, 52, 56, 60]
[50, 54, 58, 62]
[49, 53, 57, 61]
[51, 55, 59, 63]
++++++
[48, 49, 50, 51]
[52, 53, 54, 55]
[56, 57, 58, 59]
[60, 61, 62, 63]
------
[64, 68, 72, 76]
[66, 70, 74, 78]
[65, 69, 73, 77]
[67, 71, 75, 79]
++++++
[64, 65, 66, 67]
[68, 69, 70, 71]
[72, 73, 74, 75]
[76, 77, 78, 79]
------
[80, 84, 88, 92]
[82, 86, 90, 94]
[81, 85, 89, 93]
[83, 87, 91, 95]
++++++
[80, 81, 82, 83]
[84, 85, 86, 87]
[88, 89, 90, 91]
[92, 93, 94, 95]
------
[96, 100, 104, 108]
[98, 102, 106, 110]
[97, 101, 105, 109]
[99, 103, 107, 111]
++++++
[96, 97, 98, 99]
[100, 101, 102, 103]
[104, 105, 106, 107]
[108, 109, 110, 111]
------
[112, 116, 120, 124]
[114, 118, 122, 126]
[113, 117, 121, 125]
[115, 119, 123, 127]
++++++
[112, 113, 114, 115]
[116, 117, 118, 119]
[120, 121, 122, 123]
[124, 125, 126, 127]
------
[128, 132, 136, 140]
[130, 134, 138, 142]
[129, 133, 137, 141]
[131, 135, 139, 143]
++++++
[128, 129, 130, 131]
[132, 133, 134, 135]
[136, 137, 138, 139]
[140, 141, 142, 143]
------
[144, 148, 152, 156]
[146, 150, 154, 158]
[145, 149, 153, 157]
[147, 151, 155, 159]
++++++
[144, 145, 146, 147]
[148, 149, 150, 151]
[152, 153, 154, 155]
[156, 157, 158, 159]
------
[160, 164, 168, 172]
[162, 166, 170, 174]
[161, 165, 169, 173]
[163, 167, 171, 175]
++++++
[160, 161, 162, 163]
[164, 165, 166, 167]
[168, 169, 170, 171]
[172, 173, 174, 175]
------
[176, 180, 184, 188]
[178, 182, 186, 190]
[177, 181, 185, 189]
[179, 183, 187, 191]
++++++
[176, 177, 178, 179]
[180, 181, 182, 183]
[184, 185, 186, 187]
[188, 189, 190, 191]
------
[192, 196, 200, 204]
[194, 198, 202, 206]
[193, 197, 201, 205]
[195, 199, 203, 207]
++++++
[192, 193, 194, 195]
[196, 197, 198, 199]
[200, 201, 202, 203]
[204, 205, 206, 207]
------
[208, 212, 216, 220]
[210, 214, 218, 222]
[209, 213, 217, 221]
[211, 215, 219, 223]
++++++
[208, 209, 210, 211]
[212, 213, 214, 215]
[216, 217, 218, 219]
[220, 221, 222, 223]
------
[224, 228, 232, 236]
[226, 230, 234, 238]
[225, 229, 233, 237]
[227, 231, 235, 239]
++++++
[224, 225, 226, 227]
[228, 229, 230, 231]
[232, 233, 234, 235]
[236, 237, 238, 239]
------
[240, 244, 248, 252]
[242, 246, 250, 254]
[241, 245, 249, 253]
[243, 247, 251, 255]
++++++
[240, 241, 242, 243]
[244, 245, 246, 247]
[248, 249, 250, 251]
[252, 253, 254, 255]
============
[0, 1, 2, 3] 0
[16, 17, 18, 19] 1
[32, 33, 34, 35] 2
[48, 49, 50, 51] 3
[64, 65, 66, 67] 4
[80, 81, 82, 83] 5
[96, 97, 98, 99] 6
[112, 113, 114, 115] 7
[128, 129, 130, 131] 8
[144, 145, 146, 147] 9
[160, 161, 162, 163] 10
[176, 177, 178, 179] 11
[192, 193, 194, 195] 12
[208, 209, 210, 211] 13
[224, 225, 226, 227] 14
[240, 241, 242, 243] 15
[4, 5, 6, 7] 16
[20, 21, 22, 23] 17
[36, 37, 38, 39] 18
[52, 53, 54, 55] 19
[68, 69, 70, 71] 20
[84, 85, 86, 87] 21
[100, 101, 102, 103] 22
[116, 117, 118, 119] 23
[132, 133, 134, 135] 24
[148, 149, 150, 151] 25
[164, 165, 166, 167] 26
[180, 181, 182, 183] 27
[196, 197, 198, 199] 28
[212, 213, 214, 215] 29
[228, 229, 230, 231] 30
[244, 245, 246, 247] 31
[8, 9, 10, 11] 32
[24, 25, 26, 27] 33
[40, 41, 42, 43] 34
[56, 57, 58, 59] 35
[72, 73, 74, 75] 36
[88, 89, 90, 91] 37
[104, 105, 106, 107] 38
[120, 121, 122, 123] 39
[136, 137, 138, 139] 40
[152, 153, 154, 155] 41
[168, 169, 170, 171] 42
[184, 185, 186, 187] 43
[200, 201, 202, 203] 44
[216, 217, 218, 219] 45
[232, 233, 234, 235] 46
[248, 249, 250, 251] 47
[12, 13, 14, 15] 48
[28, 29, 30, 31] 49
[44, 45, 46, 47] 50
[60, 61, 62, 63] 51
[76, 77, 78, 79] 52
[92, 93, 94, 95] 53
[108, 109, 110, 111] 54
[124, 125, 126, 127] 55
[140, 141, 142, 143] 56
[156, 157, 158, 159] 57
[172, 173, 174, 175] 58
[188, 189, 190, 191] 59
[204, 205, 206, 207] 60
[220, 221, 222, 223] 61
[236, 237, 238, 239] 62
[252, 253, 254, 255] 63
