Test for FALCON_N = 1024
*******************
Forward NTT Twiddle Indices 
*******************

fwd_twi :  1,   1,   2,   3, 
fwd_twi :  1,   1,   2,   3, 
fwd_twi :  1,   1,   2,   3, 
fwd_twi :  1,   1,   2,   3, 
fwd_twi :  1,   1,   2,   3, 
fwd_twi :  1,   1,   2,   3, 
fwd_twi :  1,   1,   2,   3, 
fwd_twi :  1,   1,   2,   3, 
fwd_twi :  1,   1,   2,   3, 
fwd_twi :  1,   1,   2,   3, 
fwd_twi :  1,   1,   2,   3, 
fwd_twi :  1,   1,   2,   3, 
fwd_twi :  1,   1,   2,   3, 
fwd_twi :  1,   1,   2,   3, 
fwd_twi :  1,   1,   2,   3, 
fwd_twi :  1,   1,   2,   3, 
fwd_twi :  1,   1,   2,   3, 
fwd_twi :  1,   1,   2,   3, 
fwd_twi :  1,   1,   2,   3, 
fwd_twi :  1,   1,   2,   3, 
fwd_twi :  1,   1,   2,   3, 
fwd_twi :  1,   1,   2,   3, 
fwd_twi :  1,   1,   2,   3, 
fwd_twi :  1,   1,   2,   3, 
fwd_twi :  1,   1,   2,   3, 
fwd_twi :  1,   1,   2,   3, 
fwd_twi :  1,   1,   2,   3, 
fwd_twi :  1,   1,   2,   3, 
fwd_twi :  1,   1,   2,   3, 
fwd_twi :  1,   1,   2,   3, 
fwd_twi :  1,   1,   2,   3, 
fwd_twi :  1,   1,   2,   3, 
fwd_twi :  1,   1,   2,   3, 
fwd_twi :  1,   1,   2,   3, 
fwd_twi :  1,   1,   2,   3, 
fwd_twi :  1,   1,   2,   3, 
fwd_twi :  1,   1,   2,   3, 
fwd_twi :  1,   1,   2,   3, 
fwd_twi :  1,   1,   2,   3, 
fwd_twi :  1,   1,   2,   3, 
fwd_twi :  1,   1,   2,   3, 
fwd_twi :  1,   1,   2,   3, 
fwd_twi :  1,   1,   2,   3, 
fwd_twi :  1,   1,   2,   3, 
fwd_twi :  1,   1,   2,   3, 
fwd_twi :  1,   1,   2,   3, 
fwd_twi :  1,   1,   2,   3, 
fwd_twi :  1,   1,   2,   3, 
fwd_twi :  1,   1,   2,   3, 
fwd_twi :  1,   1,   2,   3, 
fwd_twi :  1,   1,   2,   3, 
fwd_twi :  1,   1,   2,   3, 
fwd_twi :  1,   1,   2,   3, 
fwd_twi :  1,   1,   2,   3, 
fwd_twi :  1,   1,   2,   3, 
fwd_twi :  1,   1,   2,   3, 
fwd_twi :  1,   1,   2,   3, 
fwd_twi :  1,   1,   2,   3, 
fwd_twi :  1,   1,   2,   3, 
fwd_twi :  1,   1,   2,   3, 
fwd_twi :  1,   1,   2,   3, 
fwd_twi :  1,   1,   2,   3, 
fwd_twi :  1,   1,   2,   3, 
fwd_twi :  1,   1,   2,   3, 
fwd_twi :  1,   1,   2,   3, 
fwd_twi :  1,   1,   2,   3, 
fwd_twi :  1,   1,   2,   3, 
fwd_twi :  1,   1,   2,   3, 
fwd_twi :  1,   1,   2,   3, 
fwd_twi :  1,   1,   2,   3, 
fwd_twi :  1,   1,   2,   3, 
fwd_twi :  1,   1,   2,   3, 
fwd_twi :  1,   1,   2,   3, 
fwd_twi :  1,   1,   2,   3, 
fwd_twi :  1,   1,   2,   3, 
fwd_twi :  1,   1,   2,   3, 
fwd_twi :  1,   1,   2,   3, 
fwd_twi :  1,   1,   2,   3, 
fwd_twi :  1,   1,   2,   3, 
fwd_twi :  1,   1,   2,   3, 
fwd_twi :  1,   1,   2,   3, 
fwd_twi :  1,   1,   2,   3, 
fwd_twi :  1,   1,   2,   3, 
fwd_twi :  1,   1,   2,   3, 
fwd_twi :  1,   1,   2,   3, 
fwd_twi :  1,   1,   2,   3, 
fwd_twi :  1,   1,   2,   3, 
fwd_twi :  1,   1,   2,   3, 
fwd_twi :  1,   1,   2,   3, 
fwd_twi :  1,   1,   2,   3, 
fwd_twi :  1,   1,   2,   3, 
fwd_twi :  1,   1,   2,   3, 
fwd_twi :  1,   1,   2,   3, 
fwd_twi :  1,   1,   2,   3, 
fwd_twi :  1,   1,   2,   3, 
fwd_twi :  1,   1,   2,   3, 
fwd_twi :  1,   1,   2,   3, 
fwd_twi :  1,   1,   2,   3, 
fwd_twi :  1,   1,   2,   3, 
fwd_twi :  1,   1,   2,   3, 
fwd_twi :  1,   1,   2,   3, 
fwd_twi :  1,   1,   2,   3, 
fwd_twi :  1,   1,   2,   3, 
fwd_twi :  1,   1,   2,   3, 
fwd_twi :  1,   1,   2,   3, 
fwd_twi :  1,   1,   2,   3, 
fwd_twi :  1,   1,   2,   3, 
fwd_twi :  1,   1,   2,   3, 
fwd_twi :  1,   1,   2,   3, 
fwd_twi :  1,   1,   2,   3, 
fwd_twi :  1,   1,   2,   3, 
fwd_twi :  1,   1,   2,   3, 
fwd_twi :  1,   1,   2,   3, 
fwd_twi :  1,   1,   2,   3, 
fwd_twi :  1,   1,   2,   3, 
fwd_twi :  1,   1,   2,   3, 
fwd_twi :  1,   1,   2,   3, 
fwd_twi :  1,   1,   2,   3, 
fwd_twi :  1,   1,   2,   3, 
fwd_twi :  1,   1,   2,   3, 
fwd_twi :  1,   1,   2,   3, 
fwd_twi :  1,   1,   2,   3, 
fwd_twi :  1,   1,   2,   3, 
fwd_twi :  1,   1,   2,   3, 
fwd_twi :  1,   1,   2,   3, 
fwd_twi :  1,   1,   2,   3, 
fwd_twi :  1,   1,   2,   3, 
fwd_twi :  1,   1,   2,   3, 
fwd_twi :  1,   1,   2,   3, 
fwd_twi :  1,   1,   2,   3, 
fwd_twi :  1,   1,   2,   3, 
fwd_twi :  1,   1,   2,   3, 
fwd_twi :  1,   1,   2,   3, 
fwd_twi :  1,   1,   2,   3, 
fwd_twi :  1,   1,   2,   3, 
fwd_twi :  1,   1,   2,   3, 
fwd_twi :  1,   1,   2,   3, 
fwd_twi :  1,   1,   2,   3, 
fwd_twi :  1,   1,   2,   3, 
fwd_twi :  1,   1,   2,   3, 
fwd_twi :  1,   1,   2,   3, 
fwd_twi :  1,   1,   2,   3, 
fwd_twi :  1,   1,   2,   3, 
fwd_twi :  1,   1,   2,   3, 
fwd_twi :  1,   1,   2,   3, 
fwd_twi :  1,   1,   2,   3, 
fwd_twi :  1,   1,   2,   3, 
fwd_twi :  1,   1,   2,   3, 
fwd_twi :  1,   1,   2,   3, 
fwd_twi :  1,   1,   2,   3, 
fwd_twi :  1,   1,   2,   3, 
fwd_twi :  1,   1,   2,   3, 
fwd_twi :  1,   1,   2,   3, 
fwd_twi :  1,   1,   2,   3, 
fwd_twi :  1,   1,   2,   3, 
fwd_twi :  1,   1,   2,   3, 
fwd_twi :  1,   1,   2,   3, 
fwd_twi :  1,   1,   2,   3, 
fwd_twi :  1,   1,   2,   3, 
fwd_twi :  1,   1,   2,   3, 
fwd_twi :  1,   1,   2,   3, 
fwd_twi :  1,   1,   2,   3, 
fwd_twi :  1,   1,   2,   3, 
fwd_twi :  1,   1,   2,   3, 
fwd_twi :  1,   1,   2,   3, 
fwd_twi :  1,   1,   2,   3, 
fwd_twi :  1,   1,   2,   3, 
fwd_twi :  1,   1,   2,   3, 
fwd_twi :  1,   1,   2,   3, 
fwd_twi :  1,   1,   2,   3, 
fwd_twi :  1,   1,   2,   3, 
fwd_twi :  1,   1,   2,   3, 
fwd_twi :  1,   1,   2,   3, 
fwd_twi :  1,   1,   2,   3, 
fwd_twi :  1,   1,   2,   3, 
fwd_twi :  1,   1,   2,   3, 
fwd_twi :  1,   1,   2,   3, 
fwd_twi :  1,   1,   2,   3, 
fwd_twi :  1,   1,   2,   3, 
fwd_twi :  1,   1,   2,   3, 
fwd_twi :  1,   1,   2,   3, 
fwd_twi :  1,   1,   2,   3, 
fwd_twi :  1,   1,   2,   3, 
fwd_twi :  1,   1,   2,   3, 
fwd_twi :  1,   1,   2,   3, 
fwd_twi :  1,   1,   2,   3, 
fwd_twi :  1,   1,   2,   3, 
fwd_twi :  1,   1,   2,   3, 
fwd_twi :  1,   1,   2,   3, 
fwd_twi :  1,   1,   2,   3, 
fwd_twi :  1,   1,   2,   3, 
fwd_twi :  1,   1,   2,   3, 
fwd_twi :  1,   1,   2,   3, 
fwd_twi :  1,   1,   2,   3, 
fwd_twi :  1,   1,   2,   3, 
fwd_twi :  1,   1,   2,   3, 
fwd_twi :  1,   1,   2,   3, 
fwd_twi :  1,   1,   2,   3, 
fwd_twi :  1,   1,   2,   3, 
fwd_twi :  1,   1,   2,   3, 
fwd_twi :  1,   1,   2,   3, 
fwd_twi :  1,   1,   2,   3, 
fwd_twi :  1,   1,   2,   3, 
fwd_twi :  1,   1,   2,   3, 
fwd_twi :  1,   1,   2,   3, 
fwd_twi :  1,   1,   2,   3, 
fwd_twi :  1,   1,   2,   3, 
fwd_twi :  1,   1,   2,   3, 
fwd_twi :  1,   1,   2,   3, 
fwd_twi :  1,   1,   2,   3, 
fwd_twi :  1,   1,   2,   3, 
fwd_twi :  1,   1,   2,   3, 
fwd_twi :  1,   1,   2,   3, 
fwd_twi :  1,   1,   2,   3, 
fwd_twi :  1,   1,   2,   3, 
fwd_twi :  1,   1,   2,   3, 
fwd_twi :  1,   1,   2,   3, 
fwd_twi :  1,   1,   2,   3, 
fwd_twi :  1,   1,   2,   3, 
fwd_twi :  1,   1,   2,   3, 
fwd_twi :  1,   1,   2,   3, 
fwd_twi :  1,   1,   2,   3, 
fwd_twi :  1,   1,   2,   3, 
fwd_twi :  1,   1,   2,   3, 
fwd_twi :  1,   1,   2,   3, 
fwd_twi :  1,   1,   2,   3, 
fwd_twi :  1,   1,   2,   3, 
fwd_twi :  1,   1,   2,   3, 
fwd_twi :  1,   1,   2,   3, 
fwd_twi :  1,   1,   2,   3, 
fwd_twi :  1,   1,   2,   3, 
fwd_twi :  1,   1,   2,   3, 
fwd_twi :  1,   1,   2,   3, 
fwd_twi :  1,   1,   2,   3, 
fwd_twi :  1,   1,   2,   3, 
fwd_twi :  1,   1,   2,   3, 
fwd_twi :  1,   1,   2,   3, 
fwd_twi :  1,   1,   2,   3, 
fwd_twi :  1,   1,   2,   3, 
fwd_twi :  1,   1,   2,   3, 
fwd_twi :  1,   1,   2,   3, 
fwd_twi :  1,   1,   2,   3, 
fwd_twi :  1,   1,   2,   3, 
fwd_twi :  1,   1,   2,   3, 
fwd_twi :  1,   1,   2,   3, 
fwd_twi :  1,   1,   2,   3, 
fwd_twi :  1,   1,   2,   3, 
fwd_twi :  1,   1,   2,   3, 
fwd_twi :  1,   1,   2,   3, 
fwd_twi :  1,   1,   2,   3, 
fwd_twi :  1,   1,   2,   3, 
fwd_twi :  1,   1,   2,   3, 
fwd_twi :  1,   1,   2,   3, 
fwd_twi :  1,   1,   2,   3, 
fwd_twi :  1,   1,   2,   3, 
fwd_twi :  1,   1,   2,   3, 
fwd_twi :  4,   4,   8,   9, 
fwd_twi :  5,   5,  10,  11, 
fwd_twi :  6,   6,  12,  13, 
fwd_twi :  7,   7,  14,  15, 
fwd_twi :  4,   4,   8,   9, 
fwd_twi :  5,   5,  10,  11, 
fwd_twi :  6,   6,  12,  13, 
fwd_twi :  7,   7,  14,  15, 
fwd_twi :  4,   4,   8,   9, 
fwd_twi :  5,   5,  10,  11, 
fwd_twi :  6,   6,  12,  13, 
fwd_twi :  7,   7,  14,  15, 
fwd_twi :  4,   4,   8,   9, 
fwd_twi :  5,   5,  10,  11, 
fwd_twi :  6,   6,  12,  13, 
fwd_twi :  7,   7,  14,  15, 
fwd_twi :  4,   4,   8,   9, 
fwd_twi :  5,   5,  10,  11, 
fwd_twi :  6,   6,  12,  13, 
fwd_twi :  7,   7,  14,  15, 
fwd_twi :  4,   4,   8,   9, 
fwd_twi :  5,   5,  10,  11, 
fwd_twi :  6,   6,  12,  13, 
fwd_twi :  7,   7,  14,  15, 
fwd_twi :  4,   4,   8,   9, 
fwd_twi :  5,   5,  10,  11, 
fwd_twi :  6,   6,  12,  13, 
fwd_twi :  7,   7,  14,  15, 
fwd_twi :  4,   4,   8,   9, 
fwd_twi :  5,   5,  10,  11, 
fwd_twi :  6,   6,  12,  13, 
fwd_twi :  7,   7,  14,  15, 
fwd_twi :  4,   4,   8,   9, 
fwd_twi :  5,   5,  10,  11, 
fwd_twi :  6,   6,  12,  13, 
fwd_twi :  7,   7,  14,  15, 
fwd_twi :  4,   4,   8,   9, 
fwd_twi :  5,   5,  10,  11, 
fwd_twi :  6,   6,  12,  13, 
fwd_twi :  7,   7,  14,  15, 
fwd_twi :  4,   4,   8,   9, 
fwd_twi :  5,   5,  10,  11, 
fwd_twi :  6,   6,  12,  13, 
fwd_twi :  7,   7,  14,  15, 
fwd_twi :  4,   4,   8,   9, 
fwd_twi :  5,   5,  10,  11, 
fwd_twi :  6,   6,  12,  13, 
fwd_twi :  7,   7,  14,  15, 
fwd_twi :  4,   4,   8,   9, 
fwd_twi :  5,   5,  10,  11, 
fwd_twi :  6,   6,  12,  13, 
fwd_twi :  7,   7,  14,  15, 
fwd_twi :  4,   4,   8,   9, 
fwd_twi :  5,   5,  10,  11, 
fwd_twi :  6,   6,  12,  13, 
fwd_twi :  7,   7,  14,  15, 
fwd_twi :  4,   4,   8,   9, 
fwd_twi :  5,   5,  10,  11, 
fwd_twi :  6,   6,  12,  13, 
fwd_twi :  7,   7,  14,  15, 
fwd_twi :  4,   4,   8,   9, 
fwd_twi :  5,   5,  10,  11, 
fwd_twi :  6,   6,  12,  13, 
fwd_twi :  7,   7,  14,  15, 
fwd_twi :  4,   4,   8,   9, 
fwd_twi :  5,   5,  10,  11, 
fwd_twi :  6,   6,  12,  13, 
fwd_twi :  7,   7,  14,  15, 
fwd_twi :  4,   4,   8,   9, 
fwd_twi :  5,   5,  10,  11, 
fwd_twi :  6,   6,  12,  13, 
fwd_twi :  7,   7,  14,  15, 
fwd_twi :  4,   4,   8,   9, 
fwd_twi :  5,   5,  10,  11, 
fwd_twi :  6,   6,  12,  13, 
fwd_twi :  7,   7,  14,  15, 
fwd_twi :  4,   4,   8,   9, 
fwd_twi :  5,   5,  10,  11, 
fwd_twi :  6,   6,  12,  13, 
fwd_twi :  7,   7,  14,  15, 
fwd_twi :  4,   4,   8,   9, 
fwd_twi :  5,   5,  10,  11, 
fwd_twi :  6,   6,  12,  13, 
fwd_twi :  7,   7,  14,  15, 
fwd_twi :  4,   4,   8,   9, 
fwd_twi :  5,   5,  10,  11, 
fwd_twi :  6,   6,  12,  13, 
fwd_twi :  7,   7,  14,  15, 
fwd_twi :  4,   4,   8,   9, 
fwd_twi :  5,   5,  10,  11, 
fwd_twi :  6,   6,  12,  13, 
fwd_twi :  7,   7,  14,  15, 
fwd_twi :  4,   4,   8,   9, 
fwd_twi :  5,   5,  10,  11, 
fwd_twi :  6,   6,  12,  13, 
fwd_twi :  7,   7,  14,  15, 
fwd_twi :  4,   4,   8,   9, 
fwd_twi :  5,   5,  10,  11, 
fwd_twi :  6,   6,  12,  13, 
fwd_twi :  7,   7,  14,  15, 
fwd_twi :  4,   4,   8,   9, 
fwd_twi :  5,   5,  10,  11, 
fwd_twi :  6,   6,  12,  13, 
fwd_twi :  7,   7,  14,  15, 
fwd_twi :  4,   4,   8,   9, 
fwd_twi :  5,   5,  10,  11, 
fwd_twi :  6,   6,  12,  13, 
fwd_twi :  7,   7,  14,  15, 
fwd_twi :  4,   4,   8,   9, 
fwd_twi :  5,   5,  10,  11, 
fwd_twi :  6,   6,  12,  13, 
fwd_twi :  7,   7,  14,  15, 
fwd_twi :  4,   4,   8,   9, 
fwd_twi :  5,   5,  10,  11, 
fwd_twi :  6,   6,  12,  13, 
fwd_twi :  7,   7,  14,  15, 
fwd_twi :  4,   4,   8,   9, 
fwd_twi :  5,   5,  10,  11, 
fwd_twi :  6,   6,  12,  13, 
fwd_twi :  7,   7,  14,  15, 
fwd_twi :  4,   4,   8,   9, 
fwd_twi :  5,   5,  10,  11, 
fwd_twi :  6,   6,  12,  13, 
fwd_twi :  7,   7,  14,  15, 
fwd_twi :  4,   4,   8,   9, 
fwd_twi :  5,   5,  10,  11, 
fwd_twi :  6,   6,  12,  13, 
fwd_twi :  7,   7,  14,  15, 
fwd_twi :  4,   4,   8,   9, 
fwd_twi :  5,   5,  10,  11, 
fwd_twi :  6,   6,  12,  13, 
fwd_twi :  7,   7,  14,  15, 
fwd_twi :  4,   4,   8,   9, 
fwd_twi :  5,   5,  10,  11, 
fwd_twi :  6,   6,  12,  13, 
fwd_twi :  7,   7,  14,  15, 
fwd_twi :  4,   4,   8,   9, 
fwd_twi :  5,   5,  10,  11, 
fwd_twi :  6,   6,  12,  13, 
fwd_twi :  7,   7,  14,  15, 
fwd_twi :  4,   4,   8,   9, 
fwd_twi :  5,   5,  10,  11, 
fwd_twi :  6,   6,  12,  13, 
fwd_twi :  7,   7,  14,  15, 
fwd_twi :  4,   4,   8,   9, 
fwd_twi :  5,   5,  10,  11, 
fwd_twi :  6,   6,  12,  13, 
fwd_twi :  7,   7,  14,  15, 
fwd_twi :  4,   4,   8,   9, 
fwd_twi :  5,   5,  10,  11, 
fwd_twi :  6,   6,  12,  13, 
fwd_twi :  7,   7,  14,  15, 
fwd_twi :  4,   4,   8,   9, 
fwd_twi :  5,   5,  10,  11, 
fwd_twi :  6,   6,  12,  13, 
fwd_twi :  7,   7,  14,  15, 
fwd_twi :  4,   4,   8,   9, 
fwd_twi :  5,   5,  10,  11, 
fwd_twi :  6,   6,  12,  13, 
fwd_twi :  7,   7,  14,  15, 
fwd_twi :  4,   4,   8,   9, 
fwd_twi :  5,   5,  10,  11, 
fwd_twi :  6,   6,  12,  13, 
fwd_twi :  7,   7,  14,  15, 
fwd_twi :  4,   4,   8,   9, 
fwd_twi :  5,   5,  10,  11, 
fwd_twi :  6,   6,  12,  13, 
fwd_twi :  7,   7,  14,  15, 
fwd_twi :  4,   4,   8,   9, 
fwd_twi :  5,   5,  10,  11, 
fwd_twi :  6,   6,  12,  13, 
fwd_twi :  7,   7,  14,  15, 
fwd_twi :  4,   4,   8,   9, 
fwd_twi :  5,   5,  10,  11, 
fwd_twi :  6,   6,  12,  13, 
fwd_twi :  7,   7,  14,  15, 
fwd_twi :  4,   4,   8,   9, 
fwd_twi :  5,   5,  10,  11, 
fwd_twi :  6,   6,  12,  13, 
fwd_twi :  7,   7,  14,  15, 
fwd_twi :  4,   4,   8,   9, 
fwd_twi :  5,   5,  10,  11, 
fwd_twi :  6,   6,  12,  13, 
fwd_twi :  7,   7,  14,  15, 
fwd_twi :  4,   4,   8,   9, 
fwd_twi :  5,   5,  10,  11, 
fwd_twi :  6,   6,  12,  13, 
fwd_twi :  7,   7,  14,  15, 
fwd_twi :  4,   4,   8,   9, 
fwd_twi :  5,   5,  10,  11, 
fwd_twi :  6,   6,  12,  13, 
fwd_twi :  7,   7,  14,  15, 
fwd_twi :  4,   4,   8,   9, 
fwd_twi :  5,   5,  10,  11, 
fwd_twi :  6,   6,  12,  13, 
fwd_twi :  7,   7,  14,  15, 
fwd_twi :  4,   4,   8,   9, 
fwd_twi :  5,   5,  10,  11, 
fwd_twi :  6,   6,  12,  13, 
fwd_twi :  7,   7,  14,  15, 
fwd_twi :  4,   4,   8,   9, 
fwd_twi :  5,   5,  10,  11, 
fwd_twi :  6,   6,  12,  13, 
fwd_twi :  7,   7,  14,  15, 
fwd_twi :  4,   4,   8,   9, 
fwd_twi :  5,   5,  10,  11, 
fwd_twi :  6,   6,  12,  13, 
fwd_twi :  7,   7,  14,  15, 
fwd_twi :  4,   4,   8,   9, 
fwd_twi :  5,   5,  10,  11, 
fwd_twi :  6,   6,  12,  13, 
fwd_twi :  7,   7,  14,  15, 
fwd_twi :  4,   4,   8,   9, 
fwd_twi :  5,   5,  10,  11, 
fwd_twi :  6,   6,  12,  13, 
fwd_twi :  7,   7,  14,  15, 
fwd_twi :  4,   4,   8,   9, 
fwd_twi :  5,   5,  10,  11, 
fwd_twi :  6,   6,  12,  13, 
fwd_twi :  7,   7,  14,  15, 
fwd_twi :  4,   4,   8,   9, 
fwd_twi :  5,   5,  10,  11, 
fwd_twi :  6,   6,  12,  13, 
fwd_twi :  7,   7,  14,  15, 
fwd_twi :  4,   4,   8,   9, 
fwd_twi :  5,   5,  10,  11, 
fwd_twi :  6,   6,  12,  13, 
fwd_twi :  7,   7,  14,  15, 
fwd_twi :  4,   4,   8,   9, 
fwd_twi :  5,   5,  10,  11, 
fwd_twi :  6,   6,  12,  13, 
fwd_twi :  7,   7,  14,  15, 
fwd_twi :  4,   4,   8,   9, 
fwd_twi :  5,   5,  10,  11, 
fwd_twi :  6,   6,  12,  13, 
fwd_twi :  7,   7,  14,  15, 
fwd_twi :  4,   4,   8,   9, 
fwd_twi :  5,   5,  10,  11, 
fwd_twi :  6,   6,  12,  13, 
fwd_twi :  7,   7,  14,  15, 
fwd_twi :  4,   4,   8,   9, 
fwd_twi :  5,   5,  10,  11, 
fwd_twi :  6,   6,  12,  13, 
fwd_twi :  7,   7,  14,  15, 
fwd_twi :  4,   4,   8,   9, 
fwd_twi :  5,   5,  10,  11, 
fwd_twi :  6,   6,  12,  13, 
fwd_twi :  7,   7,  14,  15, 
fwd_twi :  4,   4,   8,   9, 
fwd_twi :  5,   5,  10,  11, 
fwd_twi :  6,   6,  12,  13, 
fwd_twi :  7,   7,  14,  15, 
fwd_twi :  4,   4,   8,   9, 
fwd_twi :  5,   5,  10,  11, 
fwd_twi :  6,   6,  12,  13, 
fwd_twi :  7,   7,  14,  15, 
fwd_twi : 16,  16,  32,  33, 
fwd_twi : 17,  17,  34,  35, 
fwd_twi : 18,  18,  36,  37, 
fwd_twi : 19,  19,  38,  39, 
fwd_twi : 20,  20,  40,  41, 
fwd_twi : 21,  21,  42,  43, 
fwd_twi : 22,  22,  44,  45, 
fwd_twi : 23,  23,  46,  47, 
fwd_twi : 24,  24,  48,  49, 
fwd_twi : 25,  25,  50,  51, 
fwd_twi : 26,  26,  52,  53, 
fwd_twi : 27,  27,  54,  55, 
fwd_twi : 28,  28,  56,  57, 
fwd_twi : 29,  29,  58,  59, 
fwd_twi : 30,  30,  60,  61, 
fwd_twi : 31,  31,  62,  63, 
fwd_twi : 16,  16,  32,  33, 
fwd_twi : 17,  17,  34,  35, 
fwd_twi : 18,  18,  36,  37, 
fwd_twi : 19,  19,  38,  39, 
fwd_twi : 20,  20,  40,  41, 
fwd_twi : 21,  21,  42,  43, 
fwd_twi : 22,  22,  44,  45, 
fwd_twi : 23,  23,  46,  47, 
fwd_twi : 24,  24,  48,  49, 
fwd_twi : 25,  25,  50,  51, 
fwd_twi : 26,  26,  52,  53, 
fwd_twi : 27,  27,  54,  55, 
fwd_twi : 28,  28,  56,  57, 
fwd_twi : 29,  29,  58,  59, 
fwd_twi : 30,  30,  60,  61, 
fwd_twi : 31,  31,  62,  63, 
fwd_twi : 16,  16,  32,  33, 
fwd_twi : 17,  17,  34,  35, 
fwd_twi : 18,  18,  36,  37, 
fwd_twi : 19,  19,  38,  39, 
fwd_twi : 20,  20,  40,  41, 
fwd_twi : 21,  21,  42,  43, 
fwd_twi : 22,  22,  44,  45, 
fwd_twi : 23,  23,  46,  47, 
fwd_twi : 24,  24,  48,  49, 
fwd_twi : 25,  25,  50,  51, 
fwd_twi : 26,  26,  52,  53, 
fwd_twi : 27,  27,  54,  55, 
fwd_twi : 28,  28,  56,  57, 
fwd_twi : 29,  29,  58,  59, 
fwd_twi : 30,  30,  60,  61, 
fwd_twi : 31,  31,  62,  63, 
fwd_twi : 16,  16,  32,  33, 
fwd_twi : 17,  17,  34,  35, 
fwd_twi : 18,  18,  36,  37, 
fwd_twi : 19,  19,  38,  39, 
fwd_twi : 20,  20,  40,  41, 
fwd_twi : 21,  21,  42,  43, 
fwd_twi : 22,  22,  44,  45, 
fwd_twi : 23,  23,  46,  47, 
fwd_twi : 24,  24,  48,  49, 
fwd_twi : 25,  25,  50,  51, 
fwd_twi : 26,  26,  52,  53, 
fwd_twi : 27,  27,  54,  55, 
fwd_twi : 28,  28,  56,  57, 
fwd_twi : 29,  29,  58,  59, 
fwd_twi : 30,  30,  60,  61, 
fwd_twi : 31,  31,  62,  63, 
fwd_twi : 16,  16,  32,  33, 
fwd_twi : 17,  17,  34,  35, 
fwd_twi : 18,  18,  36,  37, 
fwd_twi : 19,  19,  38,  39, 
fwd_twi : 20,  20,  40,  41, 
fwd_twi : 21,  21,  42,  43, 
fwd_twi : 22,  22,  44,  45, 
fwd_twi : 23,  23,  46,  47, 
fwd_twi : 24,  24,  48,  49, 
fwd_twi : 25,  25,  50,  51, 
fwd_twi : 26,  26,  52,  53, 
fwd_twi : 27,  27,  54,  55, 
fwd_twi : 28,  28,  56,  57, 
fwd_twi : 29,  29,  58,  59, 
fwd_twi : 30,  30,  60,  61, 
fwd_twi : 31,  31,  62,  63, 
fwd_twi : 16,  16,  32,  33, 
fwd_twi : 17,  17,  34,  35, 
fwd_twi : 18,  18,  36,  37, 
fwd_twi : 19,  19,  38,  39, 
fwd_twi : 20,  20,  40,  41, 
fwd_twi : 21,  21,  42,  43, 
fwd_twi : 22,  22,  44,  45, 
fwd_twi : 23,  23,  46,  47, 
fwd_twi : 24,  24,  48,  49, 
fwd_twi : 25,  25,  50,  51, 
fwd_twi : 26,  26,  52,  53, 
fwd_twi : 27,  27,  54,  55, 
fwd_twi : 28,  28,  56,  57, 
fwd_twi : 29,  29,  58,  59, 
fwd_twi : 30,  30,  60,  61, 
fwd_twi : 31,  31,  62,  63, 
fwd_twi : 16,  16,  32,  33, 
fwd_twi : 17,  17,  34,  35, 
fwd_twi : 18,  18,  36,  37, 
fwd_twi : 19,  19,  38,  39, 
fwd_twi : 20,  20,  40,  41, 
fwd_twi : 21,  21,  42,  43, 
fwd_twi : 22,  22,  44,  45, 
fwd_twi : 23,  23,  46,  47, 
fwd_twi : 24,  24,  48,  49, 
fwd_twi : 25,  25,  50,  51, 
fwd_twi : 26,  26,  52,  53, 
fwd_twi : 27,  27,  54,  55, 
fwd_twi : 28,  28,  56,  57, 
fwd_twi : 29,  29,  58,  59, 
fwd_twi : 30,  30,  60,  61, 
fwd_twi : 31,  31,  62,  63, 
fwd_twi : 16,  16,  32,  33, 
fwd_twi : 17,  17,  34,  35, 
fwd_twi : 18,  18,  36,  37, 
fwd_twi : 19,  19,  38,  39, 
fwd_twi : 20,  20,  40,  41, 
fwd_twi : 21,  21,  42,  43, 
fwd_twi : 22,  22,  44,  45, 
fwd_twi : 23,  23,  46,  47, 
fwd_twi : 24,  24,  48,  49, 
fwd_twi : 25,  25,  50,  51, 
fwd_twi : 26,  26,  52,  53, 
fwd_twi : 27,  27,  54,  55, 
fwd_twi : 28,  28,  56,  57, 
fwd_twi : 29,  29,  58,  59, 
fwd_twi : 30,  30,  60,  61, 
fwd_twi : 31,  31,  62,  63, 
fwd_twi : 16,  16,  32,  33, 
fwd_twi : 17,  17,  34,  35, 
fwd_twi : 18,  18,  36,  37, 
fwd_twi : 19,  19,  38,  39, 
fwd_twi : 20,  20,  40,  41, 
fwd_twi : 21,  21,  42,  43, 
fwd_twi : 22,  22,  44,  45, 
fwd_twi : 23,  23,  46,  47, 
fwd_twi : 24,  24,  48,  49, 
fwd_twi : 25,  25,  50,  51, 
fwd_twi : 26,  26,  52,  53, 
fwd_twi : 27,  27,  54,  55, 
fwd_twi : 28,  28,  56,  57, 
fwd_twi : 29,  29,  58,  59, 
fwd_twi : 30,  30,  60,  61, 
fwd_twi : 31,  31,  62,  63, 
fwd_twi : 16,  16,  32,  33, 
fwd_twi : 17,  17,  34,  35, 
fwd_twi : 18,  18,  36,  37, 
fwd_twi : 19,  19,  38,  39, 
fwd_twi : 20,  20,  40,  41, 
fwd_twi : 21,  21,  42,  43, 
fwd_twi : 22,  22,  44,  45, 
fwd_twi : 23,  23,  46,  47, 
fwd_twi : 24,  24,  48,  49, 
fwd_twi : 25,  25,  50,  51, 
fwd_twi : 26,  26,  52,  53, 
fwd_twi : 27,  27,  54,  55, 
fwd_twi : 28,  28,  56,  57, 
fwd_twi : 29,  29,  58,  59, 
fwd_twi : 30,  30,  60,  61, 
fwd_twi : 31,  31,  62,  63, 
fwd_twi : 16,  16,  32,  33, 
fwd_twi : 17,  17,  34,  35, 
fwd_twi : 18,  18,  36,  37, 
fwd_twi : 19,  19,  38,  39, 
fwd_twi : 20,  20,  40,  41, 
fwd_twi : 21,  21,  42,  43, 
fwd_twi : 22,  22,  44,  45, 
fwd_twi : 23,  23,  46,  47, 
fwd_twi : 24,  24,  48,  49, 
fwd_twi : 25,  25,  50,  51, 
fwd_twi : 26,  26,  52,  53, 
fwd_twi : 27,  27,  54,  55, 
fwd_twi : 28,  28,  56,  57, 
fwd_twi : 29,  29,  58,  59, 
fwd_twi : 30,  30,  60,  61, 
fwd_twi : 31,  31,  62,  63, 
fwd_twi : 16,  16,  32,  33, 
fwd_twi : 17,  17,  34,  35, 
fwd_twi : 18,  18,  36,  37, 
fwd_twi : 19,  19,  38,  39, 
fwd_twi : 20,  20,  40,  41, 
fwd_twi : 21,  21,  42,  43, 
fwd_twi : 22,  22,  44,  45, 
fwd_twi : 23,  23,  46,  47, 
fwd_twi : 24,  24,  48,  49, 
fwd_twi : 25,  25,  50,  51, 
fwd_twi : 26,  26,  52,  53, 
fwd_twi : 27,  27,  54,  55, 
fwd_twi : 28,  28,  56,  57, 
fwd_twi : 29,  29,  58,  59, 
fwd_twi : 30,  30,  60,  61, 
fwd_twi : 31,  31,  62,  63, 
fwd_twi : 16,  16,  32,  33, 
fwd_twi : 17,  17,  34,  35, 
fwd_twi : 18,  18,  36,  37, 
fwd_twi : 19,  19,  38,  39, 
fwd_twi : 20,  20,  40,  41, 
fwd_twi : 21,  21,  42,  43, 
fwd_twi : 22,  22,  44,  45, 
fwd_twi : 23,  23,  46,  47, 
fwd_twi : 24,  24,  48,  49, 
fwd_twi : 25,  25,  50,  51, 
fwd_twi : 26,  26,  52,  53, 
fwd_twi : 27,  27,  54,  55, 
fwd_twi : 28,  28,  56,  57, 
fwd_twi : 29,  29,  58,  59, 
fwd_twi : 30,  30,  60,  61, 
fwd_twi : 31,  31,  62,  63, 
fwd_twi : 16,  16,  32,  33, 
fwd_twi : 17,  17,  34,  35, 
fwd_twi : 18,  18,  36,  37, 
fwd_twi : 19,  19,  38,  39, 
fwd_twi : 20,  20,  40,  41, 
fwd_twi : 21,  21,  42,  43, 
fwd_twi : 22,  22,  44,  45, 
fwd_twi : 23,  23,  46,  47, 
fwd_twi : 24,  24,  48,  49, 
fwd_twi : 25,  25,  50,  51, 
fwd_twi : 26,  26,  52,  53, 
fwd_twi : 27,  27,  54,  55, 
fwd_twi : 28,  28,  56,  57, 
fwd_twi : 29,  29,  58,  59, 
fwd_twi : 30,  30,  60,  61, 
fwd_twi : 31,  31,  62,  63, 
fwd_twi : 16,  16,  32,  33, 
fwd_twi : 17,  17,  34,  35, 
fwd_twi : 18,  18,  36,  37, 
fwd_twi : 19,  19,  38,  39, 
fwd_twi : 20,  20,  40,  41, 
fwd_twi : 21,  21,  42,  43, 
fwd_twi : 22,  22,  44,  45, 
fwd_twi : 23,  23,  46,  47, 
fwd_twi : 24,  24,  48,  49, 
fwd_twi : 25,  25,  50,  51, 
fwd_twi : 26,  26,  52,  53, 
fwd_twi : 27,  27,  54,  55, 
fwd_twi : 28,  28,  56,  57, 
fwd_twi : 29,  29,  58,  59, 
fwd_twi : 30,  30,  60,  61, 
fwd_twi : 31,  31,  62,  63, 
fwd_twi : 16,  16,  32,  33, 
fwd_twi : 17,  17,  34,  35, 
fwd_twi : 18,  18,  36,  37, 
fwd_twi : 19,  19,  38,  39, 
fwd_twi : 20,  20,  40,  41, 
fwd_twi : 21,  21,  42,  43, 
fwd_twi : 22,  22,  44,  45, 
fwd_twi : 23,  23,  46,  47, 
fwd_twi : 24,  24,  48,  49, 
fwd_twi : 25,  25,  50,  51, 
fwd_twi : 26,  26,  52,  53, 
fwd_twi : 27,  27,  54,  55, 
fwd_twi : 28,  28,  56,  57, 
fwd_twi : 29,  29,  58,  59, 
fwd_twi : 30,  30,  60,  61, 
fwd_twi : 31,  31,  62,  63, 
fwd_twi : 64,  64, 128, 129, 
fwd_twi : 65,  65, 130, 131, 
fwd_twi : 66,  66, 132, 133, 
fwd_twi : 67,  67, 134, 135, 
fwd_twi : 68,  68, 136, 137, 
fwd_twi : 69,  69, 138, 139, 
fwd_twi : 70,  70, 140, 141, 
fwd_twi : 71,  71, 142, 143, 
fwd_twi : 72,  72, 144, 145, 
fwd_twi : 73,  73, 146, 147, 
fwd_twi : 74,  74, 148, 149, 
fwd_twi : 75,  75, 150, 151, 
fwd_twi : 76,  76, 152, 153, 
fwd_twi : 77,  77, 154, 155, 
fwd_twi : 78,  78, 156, 157, 
fwd_twi : 79,  79, 158, 159, 
fwd_twi : 80,  80, 160, 161, 
fwd_twi : 81,  81, 162, 163, 
fwd_twi : 82,  82, 164, 165, 
fwd_twi : 83,  83, 166, 167, 
fwd_twi : 84,  84, 168, 169, 
fwd_twi : 85,  85, 170, 171, 
fwd_twi : 86,  86, 172, 173, 
fwd_twi : 87,  87, 174, 175, 
fwd_twi : 88,  88, 176, 177, 
fwd_twi : 89,  89, 178, 179, 
fwd_twi : 90,  90, 180, 181, 
fwd_twi : 91,  91, 182, 183, 
fwd_twi : 92,  92, 184, 185, 
fwd_twi : 93,  93, 186, 187, 
fwd_twi : 94,  94, 188, 189, 
fwd_twi : 95,  95, 190, 191, 
fwd_twi : 96,  96, 192, 193, 
fwd_twi : 97,  97, 194, 195, 
fwd_twi : 98,  98, 196, 197, 
fwd_twi : 99,  99, 198, 199, 
fwd_twi :100, 100, 200, 201, 
fwd_twi :101, 101, 202, 203, 
fwd_twi :102, 102, 204, 205, 
fwd_twi :103, 103, 206, 207, 
fwd_twi :104, 104, 208, 209, 
fwd_twi :105, 105, 210, 211, 
fwd_twi :106, 106, 212, 213, 
fwd_twi :107, 107, 214, 215, 
fwd_twi :108, 108, 216, 217, 
fwd_twi :109, 109, 218, 219, 
fwd_twi :110, 110, 220, 221, 
fwd_twi :111, 111, 222, 223, 
fwd_twi :112, 112, 224, 225, 
fwd_twi :113, 113, 226, 227, 
fwd_twi :114, 114, 228, 229, 
fwd_twi :115, 115, 230, 231, 
fwd_twi :116, 116, 232, 233, 
fwd_twi :117, 117, 234, 235, 
fwd_twi :118, 118, 236, 237, 
fwd_twi :119, 119, 238, 239, 
fwd_twi :120, 120, 240, 241, 
fwd_twi :121, 121, 242, 243, 
fwd_twi :122, 122, 244, 245, 
fwd_twi :123, 123, 246, 247, 
fwd_twi :124, 124, 248, 249, 
fwd_twi :125, 125, 250, 251, 
fwd_twi :126, 126, 252, 253, 
fwd_twi :127, 127, 254, 255, 
fwd_twi : 64,  64, 128, 129, 
fwd_twi : 65,  65, 130, 131, 
fwd_twi : 66,  66, 132, 133, 
fwd_twi : 67,  67, 134, 135, 
fwd_twi : 68,  68, 136, 137, 
fwd_twi : 69,  69, 138, 139, 
fwd_twi : 70,  70, 140, 141, 
fwd_twi : 71,  71, 142, 143, 
fwd_twi : 72,  72, 144, 145, 
fwd_twi : 73,  73, 146, 147, 
fwd_twi : 74,  74, 148, 149, 
fwd_twi : 75,  75, 150, 151, 
fwd_twi : 76,  76, 152, 153, 
fwd_twi : 77,  77, 154, 155, 
fwd_twi : 78,  78, 156, 157, 
fwd_twi : 79,  79, 158, 159, 
fwd_twi : 80,  80, 160, 161, 
fwd_twi : 81,  81, 162, 163, 
fwd_twi : 82,  82, 164, 165, 
fwd_twi : 83,  83, 166, 167, 
fwd_twi : 84,  84, 168, 169, 
fwd_twi : 85,  85, 170, 171, 
fwd_twi : 86,  86, 172, 173, 
fwd_twi : 87,  87, 174, 175, 
fwd_twi : 88,  88, 176, 177, 
fwd_twi : 89,  89, 178, 179, 
fwd_twi : 90,  90, 180, 181, 
fwd_twi : 91,  91, 182, 183, 
fwd_twi : 92,  92, 184, 185, 
fwd_twi : 93,  93, 186, 187, 
fwd_twi : 94,  94, 188, 189, 
fwd_twi : 95,  95, 190, 191, 
fwd_twi : 96,  96, 192, 193, 
fwd_twi : 97,  97, 194, 195, 
fwd_twi : 98,  98, 196, 197, 
fwd_twi : 99,  99, 198, 199, 
fwd_twi :100, 100, 200, 201, 
fwd_twi :101, 101, 202, 203, 
fwd_twi :102, 102, 204, 205, 
fwd_twi :103, 103, 206, 207, 
fwd_twi :104, 104, 208, 209, 
fwd_twi :105, 105, 210, 211, 
fwd_twi :106, 106, 212, 213, 
fwd_twi :107, 107, 214, 215, 
fwd_twi :108, 108, 216, 217, 
fwd_twi :109, 109, 218, 219, 
fwd_twi :110, 110, 220, 221, 
fwd_twi :111, 111, 222, 223, 
fwd_twi :112, 112, 224, 225, 
fwd_twi :113, 113, 226, 227, 
fwd_twi :114, 114, 228, 229, 
fwd_twi :115, 115, 230, 231, 
fwd_twi :116, 116, 232, 233, 
fwd_twi :117, 117, 234, 235, 
fwd_twi :118, 118, 236, 237, 
fwd_twi :119, 119, 238, 239, 
fwd_twi :120, 120, 240, 241, 
fwd_twi :121, 121, 242, 243, 
fwd_twi :122, 122, 244, 245, 
fwd_twi :123, 123, 246, 247, 
fwd_twi :124, 124, 248, 249, 
fwd_twi :125, 125, 250, 251, 
fwd_twi :126, 126, 252, 253, 
fwd_twi :127, 127, 254, 255, 
fwd_twi : 64,  64, 128, 129, 
fwd_twi : 65,  65, 130, 131, 
fwd_twi : 66,  66, 132, 133, 
fwd_twi : 67,  67, 134, 135, 
fwd_twi : 68,  68, 136, 137, 
fwd_twi : 69,  69, 138, 139, 
fwd_twi : 70,  70, 140, 141, 
fwd_twi : 71,  71, 142, 143, 
fwd_twi : 72,  72, 144, 145, 
fwd_twi : 73,  73, 146, 147, 
fwd_twi : 74,  74, 148, 149, 
fwd_twi : 75,  75, 150, 151, 
fwd_twi : 76,  76, 152, 153, 
fwd_twi : 77,  77, 154, 155, 
fwd_twi : 78,  78, 156, 157, 
fwd_twi : 79,  79, 158, 159, 
fwd_twi : 80,  80, 160, 161, 
fwd_twi : 81,  81, 162, 163, 
fwd_twi : 82,  82, 164, 165, 
fwd_twi : 83,  83, 166, 167, 
fwd_twi : 84,  84, 168, 169, 
fwd_twi : 85,  85, 170, 171, 
fwd_twi : 86,  86, 172, 173, 
fwd_twi : 87,  87, 174, 175, 
fwd_twi : 88,  88, 176, 177, 
fwd_twi : 89,  89, 178, 179, 
fwd_twi : 90,  90, 180, 181, 
fwd_twi : 91,  91, 182, 183, 
fwd_twi : 92,  92, 184, 185, 
fwd_twi : 93,  93, 186, 187, 
fwd_twi : 94,  94, 188, 189, 
fwd_twi : 95,  95, 190, 191, 
fwd_twi : 96,  96, 192, 193, 
fwd_twi : 97,  97, 194, 195, 
fwd_twi : 98,  98, 196, 197, 
fwd_twi : 99,  99, 198, 199, 
fwd_twi :100, 100, 200, 201, 
fwd_twi :101, 101, 202, 203, 
fwd_twi :102, 102, 204, 205, 
fwd_twi :103, 103, 206, 207, 
fwd_twi :104, 104, 208, 209, 
fwd_twi :105, 105, 210, 211, 
fwd_twi :106, 106, 212, 213, 
fwd_twi :107, 107, 214, 215, 
fwd_twi :108, 108, 216, 217, 
fwd_twi :109, 109, 218, 219, 
fwd_twi :110, 110, 220, 221, 
fwd_twi :111, 111, 222, 223, 
fwd_twi :112, 112, 224, 225, 
fwd_twi :113, 113, 226, 227, 
fwd_twi :114, 114, 228, 229, 
fwd_twi :115, 115, 230, 231, 
fwd_twi :116, 116, 232, 233, 
fwd_twi :117, 117, 234, 235, 
fwd_twi :118, 118, 236, 237, 
fwd_twi :119, 119, 238, 239, 
fwd_twi :120, 120, 240, 241, 
fwd_twi :121, 121, 242, 243, 
fwd_twi :122, 122, 244, 245, 
fwd_twi :123, 123, 246, 247, 
fwd_twi :124, 124, 248, 249, 
fwd_twi :125, 125, 250, 251, 
fwd_twi :126, 126, 252, 253, 
fwd_twi :127, 127, 254, 255, 
fwd_twi : 64,  64, 128, 129, 
fwd_twi : 65,  65, 130, 131, 
fwd_twi : 66,  66, 132, 133, 
fwd_twi : 67,  67, 134, 135, 
fwd_twi : 68,  68, 136, 137, 
fwd_twi : 69,  69, 138, 139, 
fwd_twi : 70,  70, 140, 141, 
fwd_twi : 71,  71, 142, 143, 
fwd_twi : 72,  72, 144, 145, 
fwd_twi : 73,  73, 146, 147, 
fwd_twi : 74,  74, 148, 149, 
fwd_twi : 75,  75, 150, 151, 
fwd_twi : 76,  76, 152, 153, 
fwd_twi : 77,  77, 154, 155, 
fwd_twi : 78,  78, 156, 157, 
fwd_twi : 79,  79, 158, 159, 
fwd_twi : 80,  80, 160, 161, 
fwd_twi : 81,  81, 162, 163, 
fwd_twi : 82,  82, 164, 165, 
fwd_twi : 83,  83, 166, 167, 
fwd_twi : 84,  84, 168, 169, 
fwd_twi : 85,  85, 170, 171, 
fwd_twi : 86,  86, 172, 173, 
fwd_twi : 87,  87, 174, 175, 
fwd_twi : 88,  88, 176, 177, 
fwd_twi : 89,  89, 178, 179, 
fwd_twi : 90,  90, 180, 181, 
fwd_twi : 91,  91, 182, 183, 
fwd_twi : 92,  92, 184, 185, 
fwd_twi : 93,  93, 186, 187, 
fwd_twi : 94,  94, 188, 189, 
fwd_twi : 95,  95, 190, 191, 
fwd_twi : 96,  96, 192, 193, 
fwd_twi : 97,  97, 194, 195, 
fwd_twi : 98,  98, 196, 197, 
fwd_twi : 99,  99, 198, 199, 
fwd_twi :100, 100, 200, 201, 
fwd_twi :101, 101, 202, 203, 
fwd_twi :102, 102, 204, 205, 
fwd_twi :103, 103, 206, 207, 
fwd_twi :104, 104, 208, 209, 
fwd_twi :105, 105, 210, 211, 
fwd_twi :106, 106, 212, 213, 
fwd_twi :107, 107, 214, 215, 
fwd_twi :108, 108, 216, 217, 
fwd_twi :109, 109, 218, 219, 
fwd_twi :110, 110, 220, 221, 
fwd_twi :111, 111, 222, 223, 
fwd_twi :112, 112, 224, 225, 
fwd_twi :113, 113, 226, 227, 
fwd_twi :114, 114, 228, 229, 
fwd_twi :115, 115, 230, 231, 
fwd_twi :116, 116, 232, 233, 
fwd_twi :117, 117, 234, 235, 
fwd_twi :118, 118, 236, 237, 
fwd_twi :119, 119, 238, 239, 
fwd_twi :120, 120, 240, 241, 
fwd_twi :121, 121, 242, 243, 
fwd_twi :122, 122, 244, 245, 
fwd_twi :123, 123, 246, 247, 
fwd_twi :124, 124, 248, 249, 
fwd_twi :125, 125, 250, 251, 
fwd_twi :126, 126, 252, 253, 
fwd_twi :127, 127, 254, 255, 
fwd_twi :256, 256, 512, 513, 
fwd_twi :257, 257, 514, 515, 
fwd_twi :258, 258, 516, 517, 
fwd_twi :259, 259, 518, 519, 
fwd_twi :260, 260, 520, 521, 
fwd_twi :261, 261, 522, 523, 
fwd_twi :262, 262, 524, 525, 
fwd_twi :263, 263, 526, 527, 
fwd_twi :264, 264, 528, 529, 
fwd_twi :265, 265, 530, 531, 
fwd_twi :266, 266, 532, 533, 
fwd_twi :267, 267, 534, 535, 
fwd_twi :268, 268, 536, 537, 
fwd_twi :269, 269, 538, 539, 
fwd_twi :270, 270, 540, 541, 
fwd_twi :271, 271, 542, 543, 
fwd_twi :272, 272, 544, 545, 
fwd_twi :273, 273, 546, 547, 
fwd_twi :274, 274, 548, 549, 
fwd_twi :275, 275, 550, 551, 
fwd_twi :276, 276, 552, 553, 
fwd_twi :277, 277, 554, 555, 
fwd_twi :278, 278, 556, 557, 
fwd_twi :279, 279, 558, 559, 
fwd_twi :280, 280, 560, 561, 
fwd_twi :281, 281, 562, 563, 
fwd_twi :282, 282, 564, 565, 
fwd_twi :283, 283, 566, 567, 
fwd_twi :284, 284, 568, 569, 
fwd_twi :285, 285, 570, 571, 
fwd_twi :286, 286, 572, 573, 
fwd_twi :287, 287, 574, 575, 
fwd_twi :288, 288, 576, 577, 
fwd_twi :289, 289, 578, 579, 
fwd_twi :290, 290, 580, 581, 
fwd_twi :291, 291, 582, 583, 
fwd_twi :292, 292, 584, 585, 
fwd_twi :293, 293, 586, 587, 
fwd_twi :294, 294, 588, 589, 
fwd_twi :295, 295, 590, 591, 
fwd_twi :296, 296, 592, 593, 
fwd_twi :297, 297, 594, 595, 
fwd_twi :298, 298, 596, 597, 
fwd_twi :299, 299, 598, 599, 
fwd_twi :300, 300, 600, 601, 
fwd_twi :301, 301, 602, 603, 
fwd_twi :302, 302, 604, 605, 
fwd_twi :303, 303, 606, 607, 
fwd_twi :304, 304, 608, 609, 
fwd_twi :305, 305, 610, 611, 
fwd_twi :306, 306, 612, 613, 
fwd_twi :307, 307, 614, 615, 
fwd_twi :308, 308, 616, 617, 
fwd_twi :309, 309, 618, 619, 
fwd_twi :310, 310, 620, 621, 
fwd_twi :311, 311, 622, 623, 
fwd_twi :312, 312, 624, 625, 
fwd_twi :313, 313, 626, 627, 
fwd_twi :314, 314, 628, 629, 
fwd_twi :315, 315, 630, 631, 
fwd_twi :316, 316, 632, 633, 
fwd_twi :317, 317, 634, 635, 
fwd_twi :318, 318, 636, 637, 
fwd_twi :319, 319, 638, 639, 
fwd_twi :320, 320, 640, 641, 
fwd_twi :321, 321, 642, 643, 
fwd_twi :322, 322, 644, 645, 
fwd_twi :323, 323, 646, 647, 
fwd_twi :324, 324, 648, 649, 
fwd_twi :325, 325, 650, 651, 
fwd_twi :326, 326, 652, 653, 
fwd_twi :327, 327, 654, 655, 
fwd_twi :328, 328, 656, 657, 
fwd_twi :329, 329, 658, 659, 
fwd_twi :330, 330, 660, 661, 
fwd_twi :331, 331, 662, 663, 
fwd_twi :332, 332, 664, 665, 
fwd_twi :333, 333, 666, 667, 
fwd_twi :334, 334, 668, 669, 
fwd_twi :335, 335, 670, 671, 
fwd_twi :336, 336, 672, 673, 
fwd_twi :337, 337, 674, 675, 
fwd_twi :338, 338, 676, 677, 
fwd_twi :339, 339, 678, 679, 
fwd_twi :340, 340, 680, 681, 
fwd_twi :341, 341, 682, 683, 
fwd_twi :342, 342, 684, 685, 
fwd_twi :343, 343, 686, 687, 
fwd_twi :344, 344, 688, 689, 
fwd_twi :345, 345, 690, 691, 
fwd_twi :346, 346, 692, 693, 
fwd_twi :347, 347, 694, 695, 
fwd_twi :348, 348, 696, 697, 
fwd_twi :349, 349, 698, 699, 
fwd_twi :350, 350, 700, 701, 
fwd_twi :351, 351, 702, 703, 
fwd_twi :352, 352, 704, 705, 
fwd_twi :353, 353, 706, 707, 
fwd_twi :354, 354, 708, 709, 
fwd_twi :355, 355, 710, 711, 
fwd_twi :356, 356, 712, 713, 
fwd_twi :357, 357, 714, 715, 
fwd_twi :358, 358, 716, 717, 
fwd_twi :359, 359, 718, 719, 
fwd_twi :360, 360, 720, 721, 
fwd_twi :361, 361, 722, 723, 
fwd_twi :362, 362, 724, 725, 
fwd_twi :363, 363, 726, 727, 
fwd_twi :364, 364, 728, 729, 
fwd_twi :365, 365, 730, 731, 
fwd_twi :366, 366, 732, 733, 
fwd_twi :367, 367, 734, 735, 
fwd_twi :368, 368, 736, 737, 
fwd_twi :369, 369, 738, 739, 
fwd_twi :370, 370, 740, 741, 
fwd_twi :371, 371, 742, 743, 
fwd_twi :372, 372, 744, 745, 
fwd_twi :373, 373, 746, 747, 
fwd_twi :374, 374, 748, 749, 
fwd_twi :375, 375, 750, 751, 
fwd_twi :376, 376, 752, 753, 
fwd_twi :377, 377, 754, 755, 
fwd_twi :378, 378, 756, 757, 
fwd_twi :379, 379, 758, 759, 
fwd_twi :380, 380, 760, 761, 
fwd_twi :381, 381, 762, 763, 
fwd_twi :382, 382, 764, 765, 
fwd_twi :383, 383, 766, 767, 
fwd_twi :384, 384, 768, 769, 
fwd_twi :385, 385, 770, 771, 
fwd_twi :386, 386, 772, 773, 
fwd_twi :387, 387, 774, 775, 
fwd_twi :388, 388, 776, 777, 
fwd_twi :389, 389, 778, 779, 
fwd_twi :390, 390, 780, 781, 
fwd_twi :391, 391, 782, 783, 
fwd_twi :392, 392, 784, 785, 
fwd_twi :393, 393, 786, 787, 
fwd_twi :394, 394, 788, 789, 
fwd_twi :395, 395, 790, 791, 
fwd_twi :396, 396, 792, 793, 
fwd_twi :397, 397, 794, 795, 
fwd_twi :398, 398, 796, 797, 
fwd_twi :399, 399, 798, 799, 
fwd_twi :400, 400, 800, 801, 
fwd_twi :401, 401, 802, 803, 
fwd_twi :402, 402, 804, 805, 
fwd_twi :403, 403, 806, 807, 
fwd_twi :404, 404, 808, 809, 
fwd_twi :405, 405, 810, 811, 
fwd_twi :406, 406, 812, 813, 
fwd_twi :407, 407, 814, 815, 
fwd_twi :408, 408, 816, 817, 
fwd_twi :409, 409, 818, 819, 
fwd_twi :410, 410, 820, 821, 
fwd_twi :411, 411, 822, 823, 
fwd_twi :412, 412, 824, 825, 
fwd_twi :413, 413, 826, 827, 
fwd_twi :414, 414, 828, 829, 
fwd_twi :415, 415, 830, 831, 
fwd_twi :416, 416, 832, 833, 
fwd_twi :417, 417, 834, 835, 
fwd_twi :418, 418, 836, 837, 
fwd_twi :419, 419, 838, 839, 
fwd_twi :420, 420, 840, 841, 
fwd_twi :421, 421, 842, 843, 
fwd_twi :422, 422, 844, 845, 
fwd_twi :423, 423, 846, 847, 
fwd_twi :424, 424, 848, 849, 
fwd_twi :425, 425, 850, 851, 
fwd_twi :426, 426, 852, 853, 
fwd_twi :427, 427, 854, 855, 
fwd_twi :428, 428, 856, 857, 
fwd_twi :429, 429, 858, 859, 
fwd_twi :430, 430, 860, 861, 
fwd_twi :431, 431, 862, 863, 
fwd_twi :432, 432, 864, 865, 
fwd_twi :433, 433, 866, 867, 
fwd_twi :434, 434, 868, 869, 
fwd_twi :435, 435, 870, 871, 
fwd_twi :436, 436, 872, 873, 
fwd_twi :437, 437, 874, 875, 
fwd_twi :438, 438, 876, 877, 
fwd_twi :439, 439, 878, 879, 
fwd_twi :440, 440, 880, 881, 
fwd_twi :441, 441, 882, 883, 
fwd_twi :442, 442, 884, 885, 
fwd_twi :443, 443, 886, 887, 
fwd_twi :444, 444, 888, 889, 
fwd_twi :445, 445, 890, 891, 
fwd_twi :446, 446, 892, 893, 
fwd_twi :447, 447, 894, 895, 
fwd_twi :448, 448, 896, 897, 
fwd_twi :449, 449, 898, 899, 
fwd_twi :450, 450, 900, 901, 
fwd_twi :451, 451, 902, 903, 
fwd_twi :452, 452, 904, 905, 
fwd_twi :453, 453, 906, 907, 
fwd_twi :454, 454, 908, 909, 
fwd_twi :455, 455, 910, 911, 
fwd_twi :456, 456, 912, 913, 
fwd_twi :457, 457, 914, 915, 
fwd_twi :458, 458, 916, 917, 
fwd_twi :459, 459, 918, 919, 
fwd_twi :460, 460, 920, 921, 
fwd_twi :461, 461, 922, 923, 
fwd_twi :462, 462, 924, 925, 
fwd_twi :463, 463, 926, 927, 
fwd_twi :464, 464, 928, 929, 
fwd_twi :465, 465, 930, 931, 
fwd_twi :466, 466, 932, 933, 
fwd_twi :467, 467, 934, 935, 
fwd_twi :468, 468, 936, 937, 
fwd_twi :469, 469, 938, 939, 
fwd_twi :470, 470, 940, 941, 
fwd_twi :471, 471, 942, 943, 
fwd_twi :472, 472, 944, 945, 
fwd_twi :473, 473, 946, 947, 
fwd_twi :474, 474, 948, 949, 
fwd_twi :475, 475, 950, 951, 
fwd_twi :476, 476, 952, 953, 
fwd_twi :477, 477, 954, 955, 
fwd_twi :478, 478, 956, 957, 
fwd_twi :479, 479, 958, 959, 
fwd_twi :480, 480, 960, 961, 
fwd_twi :481, 481, 962, 963, 
fwd_twi :482, 482, 964, 965, 
fwd_twi :483, 483, 966, 967, 
fwd_twi :484, 484, 968, 969, 
fwd_twi :485, 485, 970, 971, 
fwd_twi :486, 486, 972, 973, 
fwd_twi :487, 487, 974, 975, 
fwd_twi :488, 488, 976, 977, 
fwd_twi :489, 489, 978, 979, 
fwd_twi :490, 490, 980, 981, 
fwd_twi :491, 491, 982, 983, 
fwd_twi :492, 492, 984, 985, 
fwd_twi :493, 493, 986, 987, 
fwd_twi :494, 494, 988, 989, 
fwd_twi :495, 495, 990, 991, 
fwd_twi :496, 496, 992, 993, 
fwd_twi :497, 497, 994, 995, 
fwd_twi :498, 498, 996, 997, 
fwd_twi :499, 499, 998, 999, 
fwd_twi :500, 500, 1000, 1001, 
fwd_twi :501, 501, 1002, 1003, 
fwd_twi :502, 502, 1004, 1005, 
fwd_twi :503, 503, 1006, 1007, 
fwd_twi :504, 504, 1008, 1009, 
fwd_twi :505, 505, 1010, 1011, 
fwd_twi :506, 506, 1012, 1013, 
fwd_twi :507, 507, 1014, 1015, 
fwd_twi :508, 508, 1016, 1017, 
fwd_twi :509, 509, 1018, 1019, 
fwd_twi :510, 510, 1020, 1021, 
fwd_twi :511, 511, 1022, 1023, 


*******************
Inverse NTT Twiddle Indices 
*******************
inv_twi :1023, 1022, 511, 511, 
inv_twi :1021, 1020, 510, 510, 
inv_twi :1019, 1018, 509, 509, 
inv_twi :1017, 1016, 508, 508, 
inv_twi :1015, 1014, 507, 507, 
inv_twi :1013, 1012, 506, 506, 
inv_twi :1011, 1010, 505, 505, 
inv_twi :1009, 1008, 504, 504, 
inv_twi :1007, 1006, 503, 503, 
inv_twi :1005, 1004, 502, 502, 
inv_twi :1003, 1002, 501, 501, 
inv_twi :1001, 1000, 500, 500, 
inv_twi :999, 998, 499, 499, 
inv_twi :997, 996, 498, 498, 
inv_twi :995, 994, 497, 497, 
inv_twi :993, 992, 496, 496, 
inv_twi :991, 990, 495, 495, 
inv_twi :989, 988, 494, 494, 
inv_twi :987, 986, 493, 493, 
inv_twi :985, 984, 492, 492, 
inv_twi :983, 982, 491, 491, 
inv_twi :981, 980, 490, 490, 
inv_twi :979, 978, 489, 489, 
inv_twi :977, 976, 488, 488, 
inv_twi :975, 974, 487, 487, 
inv_twi :973, 972, 486, 486, 
inv_twi :971, 970, 485, 485, 
inv_twi :969, 968, 484, 484, 
inv_twi :967, 966, 483, 483, 
inv_twi :965, 964, 482, 482, 
inv_twi :963, 962, 481, 481, 
inv_twi :961, 960, 480, 480, 
inv_twi :959, 958, 479, 479, 
inv_twi :957, 956, 478, 478, 
inv_twi :955, 954, 477, 477, 
inv_twi :953, 952, 476, 476, 
inv_twi :951, 950, 475, 475, 
inv_twi :949, 948, 474, 474, 
inv_twi :947, 946, 473, 473, 
inv_twi :945, 944, 472, 472, 
inv_twi :943, 942, 471, 471, 
inv_twi :941, 940, 470, 470, 
inv_twi :939, 938, 469, 469, 
inv_twi :937, 936, 468, 468, 
inv_twi :935, 934, 467, 467, 
inv_twi :933, 932, 466, 466, 
inv_twi :931, 930, 465, 465, 
inv_twi :929, 928, 464, 464, 
inv_twi :927, 926, 463, 463, 
inv_twi :925, 924, 462, 462, 
inv_twi :923, 922, 461, 461, 
inv_twi :921, 920, 460, 460, 
inv_twi :919, 918, 459, 459, 
inv_twi :917, 916, 458, 458, 
inv_twi :915, 914, 457, 457, 
inv_twi :913, 912, 456, 456, 
inv_twi :911, 910, 455, 455, 
inv_twi :909, 908, 454, 454, 
inv_twi :907, 906, 453, 453, 
inv_twi :905, 904, 452, 452, 
inv_twi :903, 902, 451, 451, 
inv_twi :901, 900, 450, 450, 
inv_twi :899, 898, 449, 449, 
inv_twi :897, 896, 448, 448, 
inv_twi :895, 894, 447, 447, 
inv_twi :893, 892, 446, 446, 
inv_twi :891, 890, 445, 445, 
inv_twi :889, 888, 444, 444, 
inv_twi :887, 886, 443, 443, 
inv_twi :885, 884, 442, 442, 
inv_twi :883, 882, 441, 441, 
inv_twi :881, 880, 440, 440, 
inv_twi :879, 878, 439, 439, 
inv_twi :877, 876, 438, 438, 
inv_twi :875, 874, 437, 437, 
inv_twi :873, 872, 436, 436, 
inv_twi :871, 870, 435, 435, 
inv_twi :869, 868, 434, 434, 
inv_twi :867, 866, 433, 433, 
inv_twi :865, 864, 432, 432, 
inv_twi :863, 862, 431, 431, 
inv_twi :861, 860, 430, 430, 
inv_twi :859, 858, 429, 429, 
inv_twi :857, 856, 428, 428, 
inv_twi :855, 854, 427, 427, 
inv_twi :853, 852, 426, 426, 
inv_twi :851, 850, 425, 425, 
inv_twi :849, 848, 424, 424, 
inv_twi :847, 846, 423, 423, 
inv_twi :845, 844, 422, 422, 
inv_twi :843, 842, 421, 421, 
inv_twi :841, 840, 420, 420, 
inv_twi :839, 838, 419, 419, 
inv_twi :837, 836, 418, 418, 
inv_twi :835, 834, 417, 417, 
inv_twi :833, 832, 416, 416, 
inv_twi :831, 830, 415, 415, 
inv_twi :829, 828, 414, 414, 
inv_twi :827, 826, 413, 413, 
inv_twi :825, 824, 412, 412, 
inv_twi :823, 822, 411, 411, 
inv_twi :821, 820, 410, 410, 
inv_twi :819, 818, 409, 409, 
inv_twi :817, 816, 408, 408, 
inv_twi :815, 814, 407, 407, 
inv_twi :813, 812, 406, 406, 
inv_twi :811, 810, 405, 405, 
inv_twi :809, 808, 404, 404, 
inv_twi :807, 806, 403, 403, 
inv_twi :805, 804, 402, 402, 
inv_twi :803, 802, 401, 401, 
inv_twi :801, 800, 400, 400, 
inv_twi :799, 798, 399, 399, 
inv_twi :797, 796, 398, 398, 
inv_twi :795, 794, 397, 397, 
inv_twi :793, 792, 396, 396, 
inv_twi :791, 790, 395, 395, 
inv_twi :789, 788, 394, 394, 
inv_twi :787, 786, 393, 393, 
inv_twi :785, 784, 392, 392, 
inv_twi :783, 782, 391, 391, 
inv_twi :781, 780, 390, 390, 
inv_twi :779, 778, 389, 389, 
inv_twi :777, 776, 388, 388, 
inv_twi :775, 774, 387, 387, 
inv_twi :773, 772, 386, 386, 
inv_twi :771, 770, 385, 385, 
inv_twi :769, 768, 384, 384, 
inv_twi :767, 766, 383, 383, 
inv_twi :765, 764, 382, 382, 
inv_twi :763, 762, 381, 381, 
inv_twi :761, 760, 380, 380, 
inv_twi :759, 758, 379, 379, 
inv_twi :757, 756, 378, 378, 
inv_twi :755, 754, 377, 377, 
inv_twi :753, 752, 376, 376, 
inv_twi :751, 750, 375, 375, 
inv_twi :749, 748, 374, 374, 
inv_twi :747, 746, 373, 373, 
inv_twi :745, 744, 372, 372, 
inv_twi :743, 742, 371, 371, 
inv_twi :741, 740, 370, 370, 
inv_twi :739, 738, 369, 369, 
inv_twi :737, 736, 368, 368, 
inv_twi :735, 734, 367, 367, 
inv_twi :733, 732, 366, 366, 
inv_twi :731, 730, 365, 365, 
inv_twi :729, 728, 364, 364, 
inv_twi :727, 726, 363, 363, 
inv_twi :725, 724, 362, 362, 
inv_twi :723, 722, 361, 361, 
inv_twi :721, 720, 360, 360, 
inv_twi :719, 718, 359, 359, 
inv_twi :717, 716, 358, 358, 
inv_twi :715, 714, 357, 357, 
inv_twi :713, 712, 356, 356, 
inv_twi :711, 710, 355, 355, 
inv_twi :709, 708, 354, 354, 
inv_twi :707, 706, 353, 353, 
inv_twi :705, 704, 352, 352, 
inv_twi :703, 702, 351, 351, 
inv_twi :701, 700, 350, 350, 
inv_twi :699, 698, 349, 349, 
inv_twi :697, 696, 348, 348, 
inv_twi :695, 694, 347, 347, 
inv_twi :693, 692, 346, 346, 
inv_twi :691, 690, 345, 345, 
inv_twi :689, 688, 344, 344, 
inv_twi :687, 686, 343, 343, 
inv_twi :685, 684, 342, 342, 
inv_twi :683, 682, 341, 341, 
inv_twi :681, 680, 340, 340, 
inv_twi :679, 678, 339, 339, 
inv_twi :677, 676, 338, 338, 
inv_twi :675, 674, 337, 337, 
inv_twi :673, 672, 336, 336, 
inv_twi :671, 670, 335, 335, 
inv_twi :669, 668, 334, 334, 
inv_twi :667, 666, 333, 333, 
inv_twi :665, 664, 332, 332, 
inv_twi :663, 662, 331, 331, 
inv_twi :661, 660, 330, 330, 
inv_twi :659, 658, 329, 329, 
inv_twi :657, 656, 328, 328, 
inv_twi :655, 654, 327, 327, 
inv_twi :653, 652, 326, 326, 
inv_twi :651, 650, 325, 325, 
inv_twi :649, 648, 324, 324, 
inv_twi :647, 646, 323, 323, 
inv_twi :645, 644, 322, 322, 
inv_twi :643, 642, 321, 321, 
inv_twi :641, 640, 320, 320, 
inv_twi :639, 638, 319, 319, 
inv_twi :637, 636, 318, 318, 
inv_twi :635, 634, 317, 317, 
inv_twi :633, 632, 316, 316, 
inv_twi :631, 630, 315, 315, 
inv_twi :629, 628, 314, 314, 
inv_twi :627, 626, 313, 313, 
inv_twi :625, 624, 312, 312, 
inv_twi :623, 622, 311, 311, 
inv_twi :621, 620, 310, 310, 
inv_twi :619, 618, 309, 309, 
inv_twi :617, 616, 308, 308, 
inv_twi :615, 614, 307, 307, 
inv_twi :613, 612, 306, 306, 
inv_twi :611, 610, 305, 305, 
inv_twi :609, 608, 304, 304, 
inv_twi :607, 606, 303, 303, 
inv_twi :605, 604, 302, 302, 
inv_twi :603, 602, 301, 301, 
inv_twi :601, 600, 300, 300, 
inv_twi :599, 598, 299, 299, 
inv_twi :597, 596, 298, 298, 
inv_twi :595, 594, 297, 297, 
inv_twi :593, 592, 296, 296, 
inv_twi :591, 590, 295, 295, 
inv_twi :589, 588, 294, 294, 
inv_twi :587, 586, 293, 293, 
inv_twi :585, 584, 292, 292, 
inv_twi :583, 582, 291, 291, 
inv_twi :581, 580, 290, 290, 
inv_twi :579, 578, 289, 289, 
inv_twi :577, 576, 288, 288, 
inv_twi :575, 574, 287, 287, 
inv_twi :573, 572, 286, 286, 
inv_twi :571, 570, 285, 285, 
inv_twi :569, 568, 284, 284, 
inv_twi :567, 566, 283, 283, 
inv_twi :565, 564, 282, 282, 
inv_twi :563, 562, 281, 281, 
inv_twi :561, 560, 280, 280, 
inv_twi :559, 558, 279, 279, 
inv_twi :557, 556, 278, 278, 
inv_twi :555, 554, 277, 277, 
inv_twi :553, 552, 276, 276, 
inv_twi :551, 550, 275, 275, 
inv_twi :549, 548, 274, 274, 
inv_twi :547, 546, 273, 273, 
inv_twi :545, 544, 272, 272, 
inv_twi :543, 542, 271, 271, 
inv_twi :541, 540, 270, 270, 
inv_twi :539, 538, 269, 269, 
inv_twi :537, 536, 268, 268, 
inv_twi :535, 534, 267, 267, 
inv_twi :533, 532, 266, 266, 
inv_twi :531, 530, 265, 265, 
inv_twi :529, 528, 264, 264, 
inv_twi :527, 526, 263, 263, 
inv_twi :525, 524, 262, 262, 
inv_twi :523, 522, 261, 261, 
inv_twi :521, 520, 260, 260, 
inv_twi :519, 518, 259, 259, 
inv_twi :517, 516, 258, 258, 
inv_twi :515, 514, 257, 257, 
inv_twi :513, 512, 256, 256, 
inv_twi :255, 254, 127, 127, 
inv_twi :253, 252, 126, 126, 
inv_twi :251, 250, 125, 125, 
inv_twi :249, 248, 124, 124, 
inv_twi :247, 246, 123, 123, 
inv_twi :245, 244, 122, 122, 
inv_twi :243, 242, 121, 121, 
inv_twi :241, 240, 120, 120, 
inv_twi :239, 238, 119, 119, 
inv_twi :237, 236, 118, 118, 
inv_twi :235, 234, 117, 117, 
inv_twi :233, 232, 116, 116, 
inv_twi :231, 230, 115, 115, 
inv_twi :229, 228, 114, 114, 
inv_twi :227, 226, 113, 113, 
inv_twi :225, 224, 112, 112, 
inv_twi :223, 222, 111, 111, 
inv_twi :221, 220, 110, 110, 
inv_twi :219, 218, 109, 109, 
inv_twi :217, 216, 108, 108, 
inv_twi :215, 214, 107, 107, 
inv_twi :213, 212, 106, 106, 
inv_twi :211, 210, 105, 105, 
inv_twi :209, 208, 104, 104, 
inv_twi :207, 206, 103, 103, 
inv_twi :205, 204, 102, 102, 
inv_twi :203, 202, 101, 101, 
inv_twi :201, 200, 100, 100, 
inv_twi :199, 198,  99,  99, 
inv_twi :197, 196,  98,  98, 
inv_twi :195, 194,  97,  97, 
inv_twi :193, 192,  96,  96, 
inv_twi :191, 190,  95,  95, 
inv_twi :189, 188,  94,  94, 
inv_twi :187, 186,  93,  93, 
inv_twi :185, 184,  92,  92, 
inv_twi :183, 182,  91,  91, 
inv_twi :181, 180,  90,  90, 
inv_twi :179, 178,  89,  89, 
inv_twi :177, 176,  88,  88, 
inv_twi :175, 174,  87,  87, 
inv_twi :173, 172,  86,  86, 
inv_twi :171, 170,  85,  85, 
inv_twi :169, 168,  84,  84, 
inv_twi :167, 166,  83,  83, 
inv_twi :165, 164,  82,  82, 
inv_twi :163, 162,  81,  81, 
inv_twi :161, 160,  80,  80, 
inv_twi :159, 158,  79,  79, 
inv_twi :157, 156,  78,  78, 
inv_twi :155, 154,  77,  77, 
inv_twi :153, 152,  76,  76, 
inv_twi :151, 150,  75,  75, 
inv_twi :149, 148,  74,  74, 
inv_twi :147, 146,  73,  73, 
inv_twi :145, 144,  72,  72, 
inv_twi :143, 142,  71,  71, 
inv_twi :141, 140,  70,  70, 
inv_twi :139, 138,  69,  69, 
inv_twi :137, 136,  68,  68, 
inv_twi :135, 134,  67,  67, 
inv_twi :133, 132,  66,  66, 
inv_twi :131, 130,  65,  65, 
inv_twi :129, 128,  64,  64, 
inv_twi :255, 254, 127, 127, 
inv_twi :253, 252, 126, 126, 
inv_twi :251, 250, 125, 125, 
inv_twi :249, 248, 124, 124, 
inv_twi :247, 246, 123, 123, 
inv_twi :245, 244, 122, 122, 
inv_twi :243, 242, 121, 121, 
inv_twi :241, 240, 120, 120, 
inv_twi :239, 238, 119, 119, 
inv_twi :237, 236, 118, 118, 
inv_twi :235, 234, 117, 117, 
inv_twi :233, 232, 116, 116, 
inv_twi :231, 230, 115, 115, 
inv_twi :229, 228, 114, 114, 
inv_twi :227, 226, 113, 113, 
inv_twi :225, 224, 112, 112, 
inv_twi :223, 222, 111, 111, 
inv_twi :221, 220, 110, 110, 
inv_twi :219, 218, 109, 109, 
inv_twi :217, 216, 108, 108, 
inv_twi :215, 214, 107, 107, 
inv_twi :213, 212, 106, 106, 
inv_twi :211, 210, 105, 105, 
inv_twi :209, 208, 104, 104, 
inv_twi :207, 206, 103, 103, 
inv_twi :205, 204, 102, 102, 
inv_twi :203, 202, 101, 101, 
inv_twi :201, 200, 100, 100, 
inv_twi :199, 198,  99,  99, 
inv_twi :197, 196,  98,  98, 
inv_twi :195, 194,  97,  97, 
inv_twi :193, 192,  96,  96, 
inv_twi :191, 190,  95,  95, 
inv_twi :189, 188,  94,  94, 
inv_twi :187, 186,  93,  93, 
inv_twi :185, 184,  92,  92, 
inv_twi :183, 182,  91,  91, 
inv_twi :181, 180,  90,  90, 
inv_twi :179, 178,  89,  89, 
inv_twi :177, 176,  88,  88, 
inv_twi :175, 174,  87,  87, 
inv_twi :173, 172,  86,  86, 
inv_twi :171, 170,  85,  85, 
inv_twi :169, 168,  84,  84, 
inv_twi :167, 166,  83,  83, 
inv_twi :165, 164,  82,  82, 
inv_twi :163, 162,  81,  81, 
inv_twi :161, 160,  80,  80, 
inv_twi :159, 158,  79,  79, 
inv_twi :157, 156,  78,  78, 
inv_twi :155, 154,  77,  77, 
inv_twi :153, 152,  76,  76, 
inv_twi :151, 150,  75,  75, 
inv_twi :149, 148,  74,  74, 
inv_twi :147, 146,  73,  73, 
inv_twi :145, 144,  72,  72, 
inv_twi :143, 142,  71,  71, 
inv_twi :141, 140,  70,  70, 
inv_twi :139, 138,  69,  69, 
inv_twi :137, 136,  68,  68, 
inv_twi :135, 134,  67,  67, 
inv_twi :133, 132,  66,  66, 
inv_twi :131, 130,  65,  65, 
inv_twi :129, 128,  64,  64, 
inv_twi :255, 254, 127, 127, 
inv_twi :253, 252, 126, 126, 
inv_twi :251, 250, 125, 125, 
inv_twi :249, 248, 124, 124, 
inv_twi :247, 246, 123, 123, 
inv_twi :245, 244, 122, 122, 
inv_twi :243, 242, 121, 121, 
inv_twi :241, 240, 120, 120, 
inv_twi :239, 238, 119, 119, 
inv_twi :237, 236, 118, 118, 
inv_twi :235, 234, 117, 117, 
inv_twi :233, 232, 116, 116, 
inv_twi :231, 230, 115, 115, 
inv_twi :229, 228, 114, 114, 
inv_twi :227, 226, 113, 113, 
inv_twi :225, 224, 112, 112, 
inv_twi :223, 222, 111, 111, 
inv_twi :221, 220, 110, 110, 
inv_twi :219, 218, 109, 109, 
inv_twi :217, 216, 108, 108, 
inv_twi :215, 214, 107, 107, 
inv_twi :213, 212, 106, 106, 
inv_twi :211, 210, 105, 105, 
inv_twi :209, 208, 104, 104, 
inv_twi :207, 206, 103, 103, 
inv_twi :205, 204, 102, 102, 
inv_twi :203, 202, 101, 101, 
inv_twi :201, 200, 100, 100, 
inv_twi :199, 198,  99,  99, 
inv_twi :197, 196,  98,  98, 
inv_twi :195, 194,  97,  97, 
inv_twi :193, 192,  96,  96, 
inv_twi :191, 190,  95,  95, 
inv_twi :189, 188,  94,  94, 
inv_twi :187, 186,  93,  93, 
inv_twi :185, 184,  92,  92, 
inv_twi :183, 182,  91,  91, 
inv_twi :181, 180,  90,  90, 
inv_twi :179, 178,  89,  89, 
inv_twi :177, 176,  88,  88, 
inv_twi :175, 174,  87,  87, 
inv_twi :173, 172,  86,  86, 
inv_twi :171, 170,  85,  85, 
inv_twi :169, 168,  84,  84, 
inv_twi :167, 166,  83,  83, 
inv_twi :165, 164,  82,  82, 
inv_twi :163, 162,  81,  81, 
inv_twi :161, 160,  80,  80, 
inv_twi :159, 158,  79,  79, 
inv_twi :157, 156,  78,  78, 
inv_twi :155, 154,  77,  77, 
inv_twi :153, 152,  76,  76, 
inv_twi :151, 150,  75,  75, 
inv_twi :149, 148,  74,  74, 
inv_twi :147, 146,  73,  73, 
inv_twi :145, 144,  72,  72, 
inv_twi :143, 142,  71,  71, 
inv_twi :141, 140,  70,  70, 
inv_twi :139, 138,  69,  69, 
inv_twi :137, 136,  68,  68, 
inv_twi :135, 134,  67,  67, 
inv_twi :133, 132,  66,  66, 
inv_twi :131, 130,  65,  65, 
inv_twi :129, 128,  64,  64, 
inv_twi :255, 254, 127, 127, 
inv_twi :253, 252, 126, 126, 
inv_twi :251, 250, 125, 125, 
inv_twi :249, 248, 124, 124, 
inv_twi :247, 246, 123, 123, 
inv_twi :245, 244, 122, 122, 
inv_twi :243, 242, 121, 121, 
inv_twi :241, 240, 120, 120, 
inv_twi :239, 238, 119, 119, 
inv_twi :237, 236, 118, 118, 
inv_twi :235, 234, 117, 117, 
inv_twi :233, 232, 116, 116, 
inv_twi :231, 230, 115, 115, 
inv_twi :229, 228, 114, 114, 
inv_twi :227, 226, 113, 113, 
inv_twi :225, 224, 112, 112, 
inv_twi :223, 222, 111, 111, 
inv_twi :221, 220, 110, 110, 
inv_twi :219, 218, 109, 109, 
inv_twi :217, 216, 108, 108, 
inv_twi :215, 214, 107, 107, 
inv_twi :213, 212, 106, 106, 
inv_twi :211, 210, 105, 105, 
inv_twi :209, 208, 104, 104, 
inv_twi :207, 206, 103, 103, 
inv_twi :205, 204, 102, 102, 
inv_twi :203, 202, 101, 101, 
inv_twi :201, 200, 100, 100, 
inv_twi :199, 198,  99,  99, 
inv_twi :197, 196,  98,  98, 
inv_twi :195, 194,  97,  97, 
inv_twi :193, 192,  96,  96, 
inv_twi :191, 190,  95,  95, 
inv_twi :189, 188,  94,  94, 
inv_twi :187, 186,  93,  93, 
inv_twi :185, 184,  92,  92, 
inv_twi :183, 182,  91,  91, 
inv_twi :181, 180,  90,  90, 
inv_twi :179, 178,  89,  89, 
inv_twi :177, 176,  88,  88, 
inv_twi :175, 174,  87,  87, 
inv_twi :173, 172,  86,  86, 
inv_twi :171, 170,  85,  85, 
inv_twi :169, 168,  84,  84, 
inv_twi :167, 166,  83,  83, 
inv_twi :165, 164,  82,  82, 
inv_twi :163, 162,  81,  81, 
inv_twi :161, 160,  80,  80, 
inv_twi :159, 158,  79,  79, 
inv_twi :157, 156,  78,  78, 
inv_twi :155, 154,  77,  77, 
inv_twi :153, 152,  76,  76, 
inv_twi :151, 150,  75,  75, 
inv_twi :149, 148,  74,  74, 
inv_twi :147, 146,  73,  73, 
inv_twi :145, 144,  72,  72, 
inv_twi :143, 142,  71,  71, 
inv_twi :141, 140,  70,  70, 
inv_twi :139, 138,  69,  69, 
inv_twi :137, 136,  68,  68, 
inv_twi :135, 134,  67,  67, 
inv_twi :133, 132,  66,  66, 
inv_twi :131, 130,  65,  65, 
inv_twi :129, 128,  64,  64, 
inv_twi : 63,  62,  31,  31, 
inv_twi : 61,  60,  30,  30, 
inv_twi : 59,  58,  29,  29, 
inv_twi : 57,  56,  28,  28, 
inv_twi : 55,  54,  27,  27, 
inv_twi : 53,  52,  26,  26, 
inv_twi : 51,  50,  25,  25, 
inv_twi : 49,  48,  24,  24, 
inv_twi : 47,  46,  23,  23, 
inv_twi : 45,  44,  22,  22, 
inv_twi : 43,  42,  21,  21, 
inv_twi : 41,  40,  20,  20, 
inv_twi : 39,  38,  19,  19, 
inv_twi : 37,  36,  18,  18, 
inv_twi : 35,  34,  17,  17, 
inv_twi : 33,  32,  16,  16, 
inv_twi : 63,  62,  31,  31, 
inv_twi : 61,  60,  30,  30, 
inv_twi : 59,  58,  29,  29, 
inv_twi : 57,  56,  28,  28, 
inv_twi : 55,  54,  27,  27, 
inv_twi : 53,  52,  26,  26, 
inv_twi : 51,  50,  25,  25, 
inv_twi : 49,  48,  24,  24, 
inv_twi : 47,  46,  23,  23, 
inv_twi : 45,  44,  22,  22, 
inv_twi : 43,  42,  21,  21, 
inv_twi : 41,  40,  20,  20, 
inv_twi : 39,  38,  19,  19, 
inv_twi : 37,  36,  18,  18, 
inv_twi : 35,  34,  17,  17, 
inv_twi : 33,  32,  16,  16, 
inv_twi : 63,  62,  31,  31, 
inv_twi : 61,  60,  30,  30, 
inv_twi : 59,  58,  29,  29, 
inv_twi : 57,  56,  28,  28, 
inv_twi : 55,  54,  27,  27, 
inv_twi : 53,  52,  26,  26, 
inv_twi : 51,  50,  25,  25, 
inv_twi : 49,  48,  24,  24, 
inv_twi : 47,  46,  23,  23, 
inv_twi : 45,  44,  22,  22, 
inv_twi : 43,  42,  21,  21, 
inv_twi : 41,  40,  20,  20, 
inv_twi : 39,  38,  19,  19, 
inv_twi : 37,  36,  18,  18, 
inv_twi : 35,  34,  17,  17, 
inv_twi : 33,  32,  16,  16, 
inv_twi : 63,  62,  31,  31, 
inv_twi : 61,  60,  30,  30, 
inv_twi : 59,  58,  29,  29, 
inv_twi : 57,  56,  28,  28, 
inv_twi : 55,  54,  27,  27, 
inv_twi : 53,  52,  26,  26, 
inv_twi : 51,  50,  25,  25, 
inv_twi : 49,  48,  24,  24, 
inv_twi : 47,  46,  23,  23, 
inv_twi : 45,  44,  22,  22, 
inv_twi : 43,  42,  21,  21, 
inv_twi : 41,  40,  20,  20, 
inv_twi : 39,  38,  19,  19, 
inv_twi : 37,  36,  18,  18, 
inv_twi : 35,  34,  17,  17, 
inv_twi : 33,  32,  16,  16, 
inv_twi : 63,  62,  31,  31, 
inv_twi : 61,  60,  30,  30, 
inv_twi : 59,  58,  29,  29, 
inv_twi : 57,  56,  28,  28, 
inv_twi : 55,  54,  27,  27, 
inv_twi : 53,  52,  26,  26, 
inv_twi : 51,  50,  25,  25, 
inv_twi : 49,  48,  24,  24, 
inv_twi : 47,  46,  23,  23, 
inv_twi : 45,  44,  22,  22, 
inv_twi : 43,  42,  21,  21, 
inv_twi : 41,  40,  20,  20, 
inv_twi : 39,  38,  19,  19, 
inv_twi : 37,  36,  18,  18, 
inv_twi : 35,  34,  17,  17, 
inv_twi : 33,  32,  16,  16, 
inv_twi : 63,  62,  31,  31, 
inv_twi : 61,  60,  30,  30, 
inv_twi : 59,  58,  29,  29, 
inv_twi : 57,  56,  28,  28, 
inv_twi : 55,  54,  27,  27, 
inv_twi : 53,  52,  26,  26, 
inv_twi : 51,  50,  25,  25, 
inv_twi : 49,  48,  24,  24, 
inv_twi : 47,  46,  23,  23, 
inv_twi : 45,  44,  22,  22, 
inv_twi : 43,  42,  21,  21, 
inv_twi : 41,  40,  20,  20, 
inv_twi : 39,  38,  19,  19, 
inv_twi : 37,  36,  18,  18, 
inv_twi : 35,  34,  17,  17, 
inv_twi : 33,  32,  16,  16, 
inv_twi : 63,  62,  31,  31, 
inv_twi : 61,  60,  30,  30, 
inv_twi : 59,  58,  29,  29, 
inv_twi : 57,  56,  28,  28, 
inv_twi : 55,  54,  27,  27, 
inv_twi : 53,  52,  26,  26, 
inv_twi : 51,  50,  25,  25, 
inv_twi : 49,  48,  24,  24, 
inv_twi : 47,  46,  23,  23, 
inv_twi : 45,  44,  22,  22, 
inv_twi : 43,  42,  21,  21, 
inv_twi : 41,  40,  20,  20, 
inv_twi : 39,  38,  19,  19, 
inv_twi : 37,  36,  18,  18, 
inv_twi : 35,  34,  17,  17, 
inv_twi : 33,  32,  16,  16, 
inv_twi : 63,  62,  31,  31, 
inv_twi : 61,  60,  30,  30, 
inv_twi : 59,  58,  29,  29, 
inv_twi : 57,  56,  28,  28, 
inv_twi : 55,  54,  27,  27, 
inv_twi : 53,  52,  26,  26, 
inv_twi : 51,  50,  25,  25, 
inv_twi : 49,  48,  24,  24, 
inv_twi : 47,  46,  23,  23, 
inv_twi : 45,  44,  22,  22, 
inv_twi : 43,  42,  21,  21, 
inv_twi : 41,  40,  20,  20, 
inv_twi : 39,  38,  19,  19, 
inv_twi : 37,  36,  18,  18, 
inv_twi : 35,  34,  17,  17, 
inv_twi : 33,  32,  16,  16, 
inv_twi : 63,  62,  31,  31, 
inv_twi : 61,  60,  30,  30, 
inv_twi : 59,  58,  29,  29, 
inv_twi : 57,  56,  28,  28, 
inv_twi : 55,  54,  27,  27, 
inv_twi : 53,  52,  26,  26, 
inv_twi : 51,  50,  25,  25, 
inv_twi : 49,  48,  24,  24, 
inv_twi : 47,  46,  23,  23, 
inv_twi : 45,  44,  22,  22, 
inv_twi : 43,  42,  21,  21, 
inv_twi : 41,  40,  20,  20, 
inv_twi : 39,  38,  19,  19, 
inv_twi : 37,  36,  18,  18, 
inv_twi : 35,  34,  17,  17, 
inv_twi : 33,  32,  16,  16, 
inv_twi : 63,  62,  31,  31, 
inv_twi : 61,  60,  30,  30, 
inv_twi : 59,  58,  29,  29, 
inv_twi : 57,  56,  28,  28, 
inv_twi : 55,  54,  27,  27, 
inv_twi : 53,  52,  26,  26, 
inv_twi : 51,  50,  25,  25, 
inv_twi : 49,  48,  24,  24, 
inv_twi : 47,  46,  23,  23, 
inv_twi : 45,  44,  22,  22, 
inv_twi : 43,  42,  21,  21, 
inv_twi : 41,  40,  20,  20, 
inv_twi : 39,  38,  19,  19, 
inv_twi : 37,  36,  18,  18, 
inv_twi : 35,  34,  17,  17, 
inv_twi : 33,  32,  16,  16, 
inv_twi : 63,  62,  31,  31, 
inv_twi : 61,  60,  30,  30, 
inv_twi : 59,  58,  29,  29, 
inv_twi : 57,  56,  28,  28, 
inv_twi : 55,  54,  27,  27, 
inv_twi : 53,  52,  26,  26, 
inv_twi : 51,  50,  25,  25, 
inv_twi : 49,  48,  24,  24, 
inv_twi : 47,  46,  23,  23, 
inv_twi : 45,  44,  22,  22, 
inv_twi : 43,  42,  21,  21, 
inv_twi : 41,  40,  20,  20, 
inv_twi : 39,  38,  19,  19, 
inv_twi : 37,  36,  18,  18, 
inv_twi : 35,  34,  17,  17, 
inv_twi : 33,  32,  16,  16, 
inv_twi : 63,  62,  31,  31, 
inv_twi : 61,  60,  30,  30, 
inv_twi : 59,  58,  29,  29, 
inv_twi : 57,  56,  28,  28, 
inv_twi : 55,  54,  27,  27, 
inv_twi : 53,  52,  26,  26, 
inv_twi : 51,  50,  25,  25, 
inv_twi : 49,  48,  24,  24, 
inv_twi : 47,  46,  23,  23, 
inv_twi : 45,  44,  22,  22, 
inv_twi : 43,  42,  21,  21, 
inv_twi : 41,  40,  20,  20, 
inv_twi : 39,  38,  19,  19, 
inv_twi : 37,  36,  18,  18, 
inv_twi : 35,  34,  17,  17, 
inv_twi : 33,  32,  16,  16, 
inv_twi : 63,  62,  31,  31, 
inv_twi : 61,  60,  30,  30, 
inv_twi : 59,  58,  29,  29, 
inv_twi : 57,  56,  28,  28, 
inv_twi : 55,  54,  27,  27, 
inv_twi : 53,  52,  26,  26, 
inv_twi : 51,  50,  25,  25, 
inv_twi : 49,  48,  24,  24, 
inv_twi : 47,  46,  23,  23, 
inv_twi : 45,  44,  22,  22, 
inv_twi : 43,  42,  21,  21, 
inv_twi : 41,  40,  20,  20, 
inv_twi : 39,  38,  19,  19, 
inv_twi : 37,  36,  18,  18, 
inv_twi : 35,  34,  17,  17, 
inv_twi : 33,  32,  16,  16, 
inv_twi : 63,  62,  31,  31, 
inv_twi : 61,  60,  30,  30, 
inv_twi : 59,  58,  29,  29, 
inv_twi : 57,  56,  28,  28, 
inv_twi : 55,  54,  27,  27, 
inv_twi : 53,  52,  26,  26, 
inv_twi : 51,  50,  25,  25, 
inv_twi : 49,  48,  24,  24, 
inv_twi : 47,  46,  23,  23, 
inv_twi : 45,  44,  22,  22, 
inv_twi : 43,  42,  21,  21, 
inv_twi : 41,  40,  20,  20, 
inv_twi : 39,  38,  19,  19, 
inv_twi : 37,  36,  18,  18, 
inv_twi : 35,  34,  17,  17, 
inv_twi : 33,  32,  16,  16, 
inv_twi : 63,  62,  31,  31, 
inv_twi : 61,  60,  30,  30, 
inv_twi : 59,  58,  29,  29, 
inv_twi : 57,  56,  28,  28, 
inv_twi : 55,  54,  27,  27, 
inv_twi : 53,  52,  26,  26, 
inv_twi : 51,  50,  25,  25, 
inv_twi : 49,  48,  24,  24, 
inv_twi : 47,  46,  23,  23, 
inv_twi : 45,  44,  22,  22, 
inv_twi : 43,  42,  21,  21, 
inv_twi : 41,  40,  20,  20, 
inv_twi : 39,  38,  19,  19, 
inv_twi : 37,  36,  18,  18, 
inv_twi : 35,  34,  17,  17, 
inv_twi : 33,  32,  16,  16, 
inv_twi : 63,  62,  31,  31, 
inv_twi : 61,  60,  30,  30, 
inv_twi : 59,  58,  29,  29, 
inv_twi : 57,  56,  28,  28, 
inv_twi : 55,  54,  27,  27, 
inv_twi : 53,  52,  26,  26, 
inv_twi : 51,  50,  25,  25, 
inv_twi : 49,  48,  24,  24, 
inv_twi : 47,  46,  23,  23, 
inv_twi : 45,  44,  22,  22, 
inv_twi : 43,  42,  21,  21, 
inv_twi : 41,  40,  20,  20, 
inv_twi : 39,  38,  19,  19, 
inv_twi : 37,  36,  18,  18, 
inv_twi : 35,  34,  17,  17, 
inv_twi : 33,  32,  16,  16, 
inv_twi : 15,  14,   7,   7, 
inv_twi : 13,  12,   6,   6, 
inv_twi : 11,  10,   5,   5, 
inv_twi :  9,   8,   4,   4, 
inv_twi : 15,  14,   7,   7, 
inv_twi : 13,  12,   6,   6, 
inv_twi : 11,  10,   5,   5, 
inv_twi :  9,   8,   4,   4, 
inv_twi : 15,  14,   7,   7, 
inv_twi : 13,  12,   6,   6, 
inv_twi : 11,  10,   5,   5, 
inv_twi :  9,   8,   4,   4, 
inv_twi : 15,  14,   7,   7, 
inv_twi : 13,  12,   6,   6, 
inv_twi : 11,  10,   5,   5, 
inv_twi :  9,   8,   4,   4, 
inv_twi : 15,  14,   7,   7, 
inv_twi : 13,  12,   6,   6, 
inv_twi : 11,  10,   5,   5, 
inv_twi :  9,   8,   4,   4, 
inv_twi : 15,  14,   7,   7, 
inv_twi : 13,  12,   6,   6, 
inv_twi : 11,  10,   5,   5, 
inv_twi :  9,   8,   4,   4, 
inv_twi : 15,  14,   7,   7, 
inv_twi : 13,  12,   6,   6, 
inv_twi : 11,  10,   5,   5, 
inv_twi :  9,   8,   4,   4, 
inv_twi : 15,  14,   7,   7, 
inv_twi : 13,  12,   6,   6, 
inv_twi : 11,  10,   5,   5, 
inv_twi :  9,   8,   4,   4, 
inv_twi : 15,  14,   7,   7, 
inv_twi : 13,  12,   6,   6, 
inv_twi : 11,  10,   5,   5, 
inv_twi :  9,   8,   4,   4, 
inv_twi : 15,  14,   7,   7, 
inv_twi : 13,  12,   6,   6, 
inv_twi : 11,  10,   5,   5, 
inv_twi :  9,   8,   4,   4, 
inv_twi : 15,  14,   7,   7, 
inv_twi : 13,  12,   6,   6, 
inv_twi : 11,  10,   5,   5, 
inv_twi :  9,   8,   4,   4, 
inv_twi : 15,  14,   7,   7, 
inv_twi : 13,  12,   6,   6, 
inv_twi : 11,  10,   5,   5, 
inv_twi :  9,   8,   4,   4, 
inv_twi : 15,  14,   7,   7, 
inv_twi : 13,  12,   6,   6, 
inv_twi : 11,  10,   5,   5, 
inv_twi :  9,   8,   4,   4, 
inv_twi : 15,  14,   7,   7, 
inv_twi : 13,  12,   6,   6, 
inv_twi : 11,  10,   5,   5, 
inv_twi :  9,   8,   4,   4, 
inv_twi : 15,  14,   7,   7, 
inv_twi : 13,  12,   6,   6, 
inv_twi : 11,  10,   5,   5, 
inv_twi :  9,   8,   4,   4, 
inv_twi : 15,  14,   7,   7, 
inv_twi : 13,  12,   6,   6, 
inv_twi : 11,  10,   5,   5, 
inv_twi :  9,   8,   4,   4, 
inv_twi : 15,  14,   7,   7, 
inv_twi : 13,  12,   6,   6, 
inv_twi : 11,  10,   5,   5, 
inv_twi :  9,   8,   4,   4, 
inv_twi : 15,  14,   7,   7, 
inv_twi : 13,  12,   6,   6, 
inv_twi : 11,  10,   5,   5, 
inv_twi :  9,   8,   4,   4, 
inv_twi : 15,  14,   7,   7, 
inv_twi : 13,  12,   6,   6, 
inv_twi : 11,  10,   5,   5, 
inv_twi :  9,   8,   4,   4, 
inv_twi : 15,  14,   7,   7, 
inv_twi : 13,  12,   6,   6, 
inv_twi : 11,  10,   5,   5, 
inv_twi :  9,   8,   4,   4, 
inv_twi : 15,  14,   7,   7, 
inv_twi : 13,  12,   6,   6, 
inv_twi : 11,  10,   5,   5, 
inv_twi :  9,   8,   4,   4, 
inv_twi : 15,  14,   7,   7, 
inv_twi : 13,  12,   6,   6, 
inv_twi : 11,  10,   5,   5, 
inv_twi :  9,   8,   4,   4, 
inv_twi : 15,  14,   7,   7, 
inv_twi : 13,  12,   6,   6, 
inv_twi : 11,  10,   5,   5, 
inv_twi :  9,   8,   4,   4, 
inv_twi : 15,  14,   7,   7, 
inv_twi : 13,  12,   6,   6, 
inv_twi : 11,  10,   5,   5, 
inv_twi :  9,   8,   4,   4, 
inv_twi : 15,  14,   7,   7, 
inv_twi : 13,  12,   6,   6, 
inv_twi : 11,  10,   5,   5, 
inv_twi :  9,   8,   4,   4, 
inv_twi : 15,  14,   7,   7, 
inv_twi : 13,  12,   6,   6, 
inv_twi : 11,  10,   5,   5, 
inv_twi :  9,   8,   4,   4, 
inv_twi : 15,  14,   7,   7, 
inv_twi : 13,  12,   6,   6, 
inv_twi : 11,  10,   5,   5, 
inv_twi :  9,   8,   4,   4, 
inv_twi : 15,  14,   7,   7, 
inv_twi : 13,  12,   6,   6, 
inv_twi : 11,  10,   5,   5, 
inv_twi :  9,   8,   4,   4, 
inv_twi : 15,  14,   7,   7, 
inv_twi : 13,  12,   6,   6, 
inv_twi : 11,  10,   5,   5, 
inv_twi :  9,   8,   4,   4, 
inv_twi : 15,  14,   7,   7, 
inv_twi : 13,  12,   6,   6, 
inv_twi : 11,  10,   5,   5, 
inv_twi :  9,   8,   4,   4, 
inv_twi : 15,  14,   7,   7, 
inv_twi : 13,  12,   6,   6, 
inv_twi : 11,  10,   5,   5, 
inv_twi :  9,   8,   4,   4, 
inv_twi : 15,  14,   7,   7, 
inv_twi : 13,  12,   6,   6, 
inv_twi : 11,  10,   5,   5, 
inv_twi :  9,   8,   4,   4, 
inv_twi : 15,  14,   7,   7, 
inv_twi : 13,  12,   6,   6, 
inv_twi : 11,  10,   5,   5, 
inv_twi :  9,   8,   4,   4, 
inv_twi : 15,  14,   7,   7, 
inv_twi : 13,  12,   6,   6, 
inv_twi : 11,  10,   5,   5, 
inv_twi :  9,   8,   4,   4, 
inv_twi : 15,  14,   7,   7, 
inv_twi : 13,  12,   6,   6, 
inv_twi : 11,  10,   5,   5, 
inv_twi :  9,   8,   4,   4, 
inv_twi : 15,  14,   7,   7, 
inv_twi : 13,  12,   6,   6, 
inv_twi : 11,  10,   5,   5, 
inv_twi :  9,   8,   4,   4, 
inv_twi : 15,  14,   7,   7, 
inv_twi : 13,  12,   6,   6, 
inv_twi : 11,  10,   5,   5, 
inv_twi :  9,   8,   4,   4, 
inv_twi : 15,  14,   7,   7, 
inv_twi : 13,  12,   6,   6, 
inv_twi : 11,  10,   5,   5, 
inv_twi :  9,   8,   4,   4, 
inv_twi : 15,  14,   7,   7, 
inv_twi : 13,  12,   6,   6, 
inv_twi : 11,  10,   5,   5, 
inv_twi :  9,   8,   4,   4, 
inv_twi : 15,  14,   7,   7, 
inv_twi : 13,  12,   6,   6, 
inv_twi : 11,  10,   5,   5, 
inv_twi :  9,   8,   4,   4, 
inv_twi : 15,  14,   7,   7, 
inv_twi : 13,  12,   6,   6, 
inv_twi : 11,  10,   5,   5, 
inv_twi :  9,   8,   4,   4, 
inv_twi : 15,  14,   7,   7, 
inv_twi : 13,  12,   6,   6, 
inv_twi : 11,  10,   5,   5, 
inv_twi :  9,   8,   4,   4, 
inv_twi : 15,  14,   7,   7, 
inv_twi : 13,  12,   6,   6, 
inv_twi : 11,  10,   5,   5, 
inv_twi :  9,   8,   4,   4, 
inv_twi : 15,  14,   7,   7, 
inv_twi : 13,  12,   6,   6, 
inv_twi : 11,  10,   5,   5, 
inv_twi :  9,   8,   4,   4, 
inv_twi : 15,  14,   7,   7, 
inv_twi : 13,  12,   6,   6, 
inv_twi : 11,  10,   5,   5, 
inv_twi :  9,   8,   4,   4, 
inv_twi : 15,  14,   7,   7, 
inv_twi : 13,  12,   6,   6, 
inv_twi : 11,  10,   5,   5, 
inv_twi :  9,   8,   4,   4, 
inv_twi : 15,  14,   7,   7, 
inv_twi : 13,  12,   6,   6, 
inv_twi : 11,  10,   5,   5, 
inv_twi :  9,   8,   4,   4, 
inv_twi : 15,  14,   7,   7, 
inv_twi : 13,  12,   6,   6, 
inv_twi : 11,  10,   5,   5, 
inv_twi :  9,   8,   4,   4, 
inv_twi : 15,  14,   7,   7, 
inv_twi : 13,  12,   6,   6, 
inv_twi : 11,  10,   5,   5, 
inv_twi :  9,   8,   4,   4, 
inv_twi : 15,  14,   7,   7, 
inv_twi : 13,  12,   6,   6, 
inv_twi : 11,  10,   5,   5, 
inv_twi :  9,   8,   4,   4, 
inv_twi : 15,  14,   7,   7, 
inv_twi : 13,  12,   6,   6, 
inv_twi : 11,  10,   5,   5, 
inv_twi :  9,   8,   4,   4, 
inv_twi : 15,  14,   7,   7, 
inv_twi : 13,  12,   6,   6, 
inv_twi : 11,  10,   5,   5, 
inv_twi :  9,   8,   4,   4, 
inv_twi : 15,  14,   7,   7, 
inv_twi : 13,  12,   6,   6, 
inv_twi : 11,  10,   5,   5, 
inv_twi :  9,   8,   4,   4, 
inv_twi : 15,  14,   7,   7, 
inv_twi : 13,  12,   6,   6, 
inv_twi : 11,  10,   5,   5, 
inv_twi :  9,   8,   4,   4, 
inv_twi : 15,  14,   7,   7, 
inv_twi : 13,  12,   6,   6, 
inv_twi : 11,  10,   5,   5, 
inv_twi :  9,   8,   4,   4, 
inv_twi : 15,  14,   7,   7, 
inv_twi : 13,  12,   6,   6, 
inv_twi : 11,  10,   5,   5, 
inv_twi :  9,   8,   4,   4, 
inv_twi : 15,  14,   7,   7, 
inv_twi : 13,  12,   6,   6, 
inv_twi : 11,  10,   5,   5, 
inv_twi :  9,   8,   4,   4, 
inv_twi : 15,  14,   7,   7, 
inv_twi : 13,  12,   6,   6, 
inv_twi : 11,  10,   5,   5, 
inv_twi :  9,   8,   4,   4, 
inv_twi : 15,  14,   7,   7, 
inv_twi : 13,  12,   6,   6, 
inv_twi : 11,  10,   5,   5, 
inv_twi :  9,   8,   4,   4, 
inv_twi : 15,  14,   7,   7, 
inv_twi : 13,  12,   6,   6, 
inv_twi : 11,  10,   5,   5, 
inv_twi :  9,   8,   4,   4, 
inv_twi : 15,  14,   7,   7, 
inv_twi : 13,  12,   6,   6, 
inv_twi : 11,  10,   5,   5, 
inv_twi :  9,   8,   4,   4, 
inv_twi : 15,  14,   7,   7, 
inv_twi : 13,  12,   6,   6, 
inv_twi : 11,  10,   5,   5, 
inv_twi :  9,   8,   4,   4, 
inv_twi : 15,  14,   7,   7, 
inv_twi : 13,  12,   6,   6, 
inv_twi : 11,  10,   5,   5, 
inv_twi :  9,   8,   4,   4, 
inv_twi : 15,  14,   7,   7, 
inv_twi : 13,  12,   6,   6, 
inv_twi : 11,  10,   5,   5, 
inv_twi :  9,   8,   4,   4, 
inv_twi :  3,   2,   1,   1, 
inv_twi :  3,   2,   1,   1, 
inv_twi :  3,   2,   1,   1, 
inv_twi :  3,   2,   1,   1, 
inv_twi :  3,   2,   1,   1, 
inv_twi :  3,   2,   1,   1, 
inv_twi :  3,   2,   1,   1, 
inv_twi :  3,   2,   1,   1, 
inv_twi :  3,   2,   1,   1, 
inv_twi :  3,   2,   1,   1, 
inv_twi :  3,   2,   1,   1, 
inv_twi :  3,   2,   1,   1, 
inv_twi :  3,   2,   1,   1, 
inv_twi :  3,   2,   1,   1, 
inv_twi :  3,   2,   1,   1, 
inv_twi :  3,   2,   1,   1, 
inv_twi :  3,   2,   1,   1, 
inv_twi :  3,   2,   1,   1, 
inv_twi :  3,   2,   1,   1, 
inv_twi :  3,   2,   1,   1, 
inv_twi :  3,   2,   1,   1, 
inv_twi :  3,   2,   1,   1, 
inv_twi :  3,   2,   1,   1, 
inv_twi :  3,   2,   1,   1, 
inv_twi :  3,   2,   1,   1, 
inv_twi :  3,   2,   1,   1, 
inv_twi :  3,   2,   1,   1, 
inv_twi :  3,   2,   1,   1, 
inv_twi :  3,   2,   1,   1, 
inv_twi :  3,   2,   1,   1, 
inv_twi :  3,   2,   1,   1, 
inv_twi :  3,   2,   1,   1, 
inv_twi :  3,   2,   1,   1, 
inv_twi :  3,   2,   1,   1, 
inv_twi :  3,   2,   1,   1, 
inv_twi :  3,   2,   1,   1, 
inv_twi :  3,   2,   1,   1, 
inv_twi :  3,   2,   1,   1, 
inv_twi :  3,   2,   1,   1, 
inv_twi :  3,   2,   1,   1, 
inv_twi :  3,   2,   1,   1, 
inv_twi :  3,   2,   1,   1, 
inv_twi :  3,   2,   1,   1, 
inv_twi :  3,   2,   1,   1, 
inv_twi :  3,   2,   1,   1, 
inv_twi :  3,   2,   1,   1, 
inv_twi :  3,   2,   1,   1, 
inv_twi :  3,   2,   1,   1, 
inv_twi :  3,   2,   1,   1, 
inv_twi :  3,   2,   1,   1, 
inv_twi :  3,   2,   1,   1, 
inv_twi :  3,   2,   1,   1, 
inv_twi :  3,   2,   1,   1, 
inv_twi :  3,   2,   1,   1, 
inv_twi :  3,   2,   1,   1, 
inv_twi :  3,   2,   1,   1, 
inv_twi :  3,   2,   1,   1, 
inv_twi :  3,   2,   1,   1, 
inv_twi :  3,   2,   1,   1, 
inv_twi :  3,   2,   1,   1, 
inv_twi :  3,   2,   1,   1, 
inv_twi :  3,   2,   1,   1, 
inv_twi :  3,   2,   1,   1, 
inv_twi :  3,   2,   1,   1, 
inv_twi :  3,   2,   1,   1, 
inv_twi :  3,   2,   1,   1, 
inv_twi :  3,   2,   1,   1, 
inv_twi :  3,   2,   1,   1, 
inv_twi :  3,   2,   1,   1, 
inv_twi :  3,   2,   1,   1, 
inv_twi :  3,   2,   1,   1, 
inv_twi :  3,   2,   1,   1, 
inv_twi :  3,   2,   1,   1, 
inv_twi :  3,   2,   1,   1, 
inv_twi :  3,   2,   1,   1, 
inv_twi :  3,   2,   1,   1, 
inv_twi :  3,   2,   1,   1, 
inv_twi :  3,   2,   1,   1, 
inv_twi :  3,   2,   1,   1, 
inv_twi :  3,   2,   1,   1, 
inv_twi :  3,   2,   1,   1, 
inv_twi :  3,   2,   1,   1, 
inv_twi :  3,   2,   1,   1, 
inv_twi :  3,   2,   1,   1, 
inv_twi :  3,   2,   1,   1, 
inv_twi :  3,   2,   1,   1, 
inv_twi :  3,   2,   1,   1, 
inv_twi :  3,   2,   1,   1, 
inv_twi :  3,   2,   1,   1, 
inv_twi :  3,   2,   1,   1, 
inv_twi :  3,   2,   1,   1, 
inv_twi :  3,   2,   1,   1, 
inv_twi :  3,   2,   1,   1, 
inv_twi :  3,   2,   1,   1, 
inv_twi :  3,   2,   1,   1, 
inv_twi :  3,   2,   1,   1, 
inv_twi :  3,   2,   1,   1, 
inv_twi :  3,   2,   1,   1, 
inv_twi :  3,   2,   1,   1, 
inv_twi :  3,   2,   1,   1, 
inv_twi :  3,   2,   1,   1, 
inv_twi :  3,   2,   1,   1, 
inv_twi :  3,   2,   1,   1, 
inv_twi :  3,   2,   1,   1, 
inv_twi :  3,   2,   1,   1, 
inv_twi :  3,   2,   1,   1, 
inv_twi :  3,   2,   1,   1, 
inv_twi :  3,   2,   1,   1, 
inv_twi :  3,   2,   1,   1, 
inv_twi :  3,   2,   1,   1, 
inv_twi :  3,   2,   1,   1, 
inv_twi :  3,   2,   1,   1, 
inv_twi :  3,   2,   1,   1, 
inv_twi :  3,   2,   1,   1, 
inv_twi :  3,   2,   1,   1, 
inv_twi :  3,   2,   1,   1, 
inv_twi :  3,   2,   1,   1, 
inv_twi :  3,   2,   1,   1, 
inv_twi :  3,   2,   1,   1, 
inv_twi :  3,   2,   1,   1, 
inv_twi :  3,   2,   1,   1, 
inv_twi :  3,   2,   1,   1, 
inv_twi :  3,   2,   1,   1, 
inv_twi :  3,   2,   1,   1, 
inv_twi :  3,   2,   1,   1, 
inv_twi :  3,   2,   1,   1, 
inv_twi :  3,   2,   1,   1, 
inv_twi :  3,   2,   1,   1, 
inv_twi :  3,   2,   1,   1, 
inv_twi :  3,   2,   1,   1, 
inv_twi :  3,   2,   1,   1, 
inv_twi :  3,   2,   1,   1, 
inv_twi :  3,   2,   1,   1, 
inv_twi :  3,   2,   1,   1, 
inv_twi :  3,   2,   1,   1, 
inv_twi :  3,   2,   1,   1, 
inv_twi :  3,   2,   1,   1, 
inv_twi :  3,   2,   1,   1, 
inv_twi :  3,   2,   1,   1, 
inv_twi :  3,   2,   1,   1, 
inv_twi :  3,   2,   1,   1, 
inv_twi :  3,   2,   1,   1, 
inv_twi :  3,   2,   1,   1, 
inv_twi :  3,   2,   1,   1, 
inv_twi :  3,   2,   1,   1, 
inv_twi :  3,   2,   1,   1, 
inv_twi :  3,   2,   1,   1, 
inv_twi :  3,   2,   1,   1, 
inv_twi :  3,   2,   1,   1, 
inv_twi :  3,   2,   1,   1, 
inv_twi :  3,   2,   1,   1, 
inv_twi :  3,   2,   1,   1, 
inv_twi :  3,   2,   1,   1, 
inv_twi :  3,   2,   1,   1, 
inv_twi :  3,   2,   1,   1, 
inv_twi :  3,   2,   1,   1, 
inv_twi :  3,   2,   1,   1, 
inv_twi :  3,   2,   1,   1, 
inv_twi :  3,   2,   1,   1, 
inv_twi :  3,   2,   1,   1, 
inv_twi :  3,   2,   1,   1, 
inv_twi :  3,   2,   1,   1, 
inv_twi :  3,   2,   1,   1, 
inv_twi :  3,   2,   1,   1, 
inv_twi :  3,   2,   1,   1, 
inv_twi :  3,   2,   1,   1, 
inv_twi :  3,   2,   1,   1, 
inv_twi :  3,   2,   1,   1, 
inv_twi :  3,   2,   1,   1, 
inv_twi :  3,   2,   1,   1, 
inv_twi :  3,   2,   1,   1, 
inv_twi :  3,   2,   1,   1, 
inv_twi :  3,   2,   1,   1, 
inv_twi :  3,   2,   1,   1, 
inv_twi :  3,   2,   1,   1, 
inv_twi :  3,   2,   1,   1, 
inv_twi :  3,   2,   1,   1, 
inv_twi :  3,   2,   1,   1, 
inv_twi :  3,   2,   1,   1, 
inv_twi :  3,   2,   1,   1, 
inv_twi :  3,   2,   1,   1, 
inv_twi :  3,   2,   1,   1, 
inv_twi :  3,   2,   1,   1, 
inv_twi :  3,   2,   1,   1, 
inv_twi :  3,   2,   1,   1, 
inv_twi :  3,   2,   1,   1, 
inv_twi :  3,   2,   1,   1, 
inv_twi :  3,   2,   1,   1, 
inv_twi :  3,   2,   1,   1, 
inv_twi :  3,   2,   1,   1, 
inv_twi :  3,   2,   1,   1, 
inv_twi :  3,   2,   1,   1, 
inv_twi :  3,   2,   1,   1, 
inv_twi :  3,   2,   1,   1, 
inv_twi :  3,   2,   1,   1, 
inv_twi :  3,   2,   1,   1, 
inv_twi :  3,   2,   1,   1, 
inv_twi :  3,   2,   1,   1, 
inv_twi :  3,   2,   1,   1, 
inv_twi :  3,   2,   1,   1, 
inv_twi :  3,   2,   1,   1, 
inv_twi :  3,   2,   1,   1, 
inv_twi :  3,   2,   1,   1, 
inv_twi :  3,   2,   1,   1, 
inv_twi :  3,   2,   1,   1, 
inv_twi :  3,   2,   1,   1, 
inv_twi :  3,   2,   1,   1, 
inv_twi :  3,   2,   1,   1, 
inv_twi :  3,   2,   1,   1, 
inv_twi :  3,   2,   1,   1, 
inv_twi :  3,   2,   1,   1, 
inv_twi :  3,   2,   1,   1, 
inv_twi :  3,   2,   1,   1, 
inv_twi :  3,   2,   1,   1, 
inv_twi :  3,   2,   1,   1, 
inv_twi :  3,   2,   1,   1, 
inv_twi :  3,   2,   1,   1, 
inv_twi :  3,   2,   1,   1, 
inv_twi :  3,   2,   1,   1, 
inv_twi :  3,   2,   1,   1, 
inv_twi :  3,   2,   1,   1, 
inv_twi :  3,   2,   1,   1, 
inv_twi :  3,   2,   1,   1, 
inv_twi :  3,   2,   1,   1, 
inv_twi :  3,   2,   1,   1, 
inv_twi :  3,   2,   1,   1, 
inv_twi :  3,   2,   1,   1, 
inv_twi :  3,   2,   1,   1, 
inv_twi :  3,   2,   1,   1, 
inv_twi :  3,   2,   1,   1, 
inv_twi :  3,   2,   1,   1, 
inv_twi :  3,   2,   1,   1, 
inv_twi :  3,   2,   1,   1, 
inv_twi :  3,   2,   1,   1, 
inv_twi :  3,   2,   1,   1, 
inv_twi :  3,   2,   1,   1, 
inv_twi :  3,   2,   1,   1, 
inv_twi :  3,   2,   1,   1, 
inv_twi :  3,   2,   1,   1, 
inv_twi :  3,   2,   1,   1, 
inv_twi :  3,   2,   1,   1, 
inv_twi :  3,   2,   1,   1, 
inv_twi :  3,   2,   1,   1, 
inv_twi :  3,   2,   1,   1, 
inv_twi :  3,   2,   1,   1, 
inv_twi :  3,   2,   1,   1, 
inv_twi :  3,   2,   1,   1, 
inv_twi :  3,   2,   1,   1, 
inv_twi :  3,   2,   1,   1, 
inv_twi :  3,   2,   1,   1, 
inv_twi :  3,   2,   1,   1, 
inv_twi :  3,   2,   1,   1, 
inv_twi :  3,   2,   1,   1, 
inv_twi :  3,   2,   1,   1, 
inv_twi :  3,   2,   1,   1, 
inv_twi :  3,   2,   1,   1, 

*******************
END
*******************
